0 verbose cli /usr/bin/node /usr/bin/npm
1 info using npm@11.3.0
2 info using node@v22.16.0
3 silly config load:file:/usr/lib/node_modules/npm/npmrc
4 silly config load:file:/home/.cache/typescript/5.9/.npmrc
5 silly config load:file:/home/.npmrc
6 silly config load:file:/etc/npmrc
7 verbose title npm install types-registry@latest
8 verbose argv "install" "--ignore-scripts" "types-registry@latest"
9 verbose logfile logs-max:10 dir:/home/.npm/_logs/2025-09-13T04_54_04_360Z-
10 verbose logfile /home/.npm/_logs/2025-09-13T04_54_04_360Z-debug-0.log
11 silly logfile done cleaning log files
12 silly packumentCache heap:478674944 maxSize:119668736 maxEntrySize:59834368
13 silly packumentCache corgi:https://registry.npmjs.org/types-registry cache-miss
14 http fetch GET 200 https://registry.npmjs.org/types-registry 1031ms (cache miss)
15 silly packumentCache corgi:https://registry.npmjs.org/types-registry set size:undefined disposed:false
16 silly idealTree buildDeps
17 silly fetch manifest types-registry@0.1.737
18 silly packumentCache full:https://registry.npmjs.org/types-registry cache-miss
19 http fetch GET 200 https://registry.npmjs.org/types-registry 323ms (cache miss)
20 silly packumentCache full:https://registry.npmjs.org/types-registry set size:undefined disposed:false
21 silly placeDep ROOT types-registry@0.1.737 OK for:  want: 0.1.737
22 silly reify moves {}
23 silly audit bulk request { 'types-registry': [ '0.1.737' ] }
24 http cache types-registry@https://registry.npmjs.org/types-registry/-/types-registry-0.1.737.tgz 3ms (cache hit)
25 silly tarball no local data for types-registry@https://registry.npmjs.org/types-registry/-/types-registry-0.1.737.tgz. Extracting by manifest.
26 http fetch POST 200 https://registry.npmjs.org/-/npm/v1/security/advisories/bulk 355ms
27 silly audit report {}
28 http fetch GET 200 https://registry.npmjs.org/types-registry/-/types-registry-0.1.737.tgz 938ms (cache miss)
29 silly ADD node_modules/types-registry
30 verbose cwd /home/.cache/typescript/5.9
31 verbose os Linux 6.2.1-PRoot-Distro
32 verbose node v22.16.0
33 verbose npm  v11.3.0
34 verbose exit 0
35 info ok
