0 verbose cli /usr/bin/node /usr/bin/npm
1 info using npm@11.3.0
2 info using node@v22.16.0
3 silly config load:file:/usr/lib/node_modules/npm/npmrc
4 silly config load:file:/home/.cache/typescript/5.9/.npmrc
5 silly config load:file:/home/.npmrc
6 silly config load:file:/etc/npmrc
7 verbose title npm install types-registry@latest
8 verbose argv "install" "--ignore-scripts" "types-registry@latest"
9 verbose logfile logs-max:10 dir:/home/.npm/_logs/2025-09-13T05_43_48_905Z-
10 verbose logfile /home/.npm/_logs/2025-09-13T05_43_48_905Z-debug-0.log
11 silly logfile done cleaning log files
12 silly packumentCache heap:478674944 maxSize:119668736 maxEntrySize:59834368
13 silly packumentCache corgi:https://registry.npmjs.org/types-registry cache-miss
14 http fetch GET 200 https://registry.npmjs.org/types-registry 1139ms (cache revalidated)
15 silly packumentCache corgi:https://registry.npmjs.org/types-registry set size:607272 disposed:false
16 silly idealTree buildDeps
17 silly fetch manifest types-registry@0.1.737
18 silly packumentCache full:https://registry.npmjs.org/types-registry cache-miss
19 http fetch GET 200 https://registry.npmjs.org/types-registry 198ms (cache revalidated)
20 silly packumentCache full:https://registry.npmjs.org/types-registry set size:1296219 disposed:false
21 silly placeDep ROOT types-registry@0.1.737 REPLACE for:  want: 0.1.737
22 silly reify moves {}
23 silly audit bulk request { 'types-registry': [ '0.1.737' ] }
24 http fetch POST 200 https://registry.npmjs.org/-/npm/v1/security/advisories/bulk 341ms
25 silly audit report {}
26 verbose cwd /home/.cache/typescript/5.9
27 verbose os Linux 6.2.1-PRoot-Distro
28 verbose node v22.16.0
29 verbose npm  v11.3.0
30 verbose exit 0
31 info ok
