0 verbose cli /usr/bin/node /usr/bin/npm
1 info using npm@11.3.0
2 info using node@v22.16.0
3 silly config load:file:/usr/lib/node_modules/npm/npmrc
4 warn Expanding --lockfile to --lockfile-version. This will stop working in the next major version of npm.
5 silly config load:file:/home/.config/coc/extensions/node_modules/coc-prettier-4d1d62a7-3ab0-45a6-a106-af67197e232f/.npmrc
6 silly config load:file:/home/.npmrc
7 silly config load:file:/etc/npmrc
8 verbose title npm install
9 verbose argv "install" "--ignore-scripts" "--no-lockfile" "--omit" "dev" "--legacy-peer-deps" "--no-global"
10 verbose logfile logs-max:10 dir:/home/.npm/_logs/2025-09-13T04_48_07_188Z-
11 verbose logfile /home/.npm/_logs/2025-09-13T04_48_07_188Z-debug-0.log
12 silly logfile done cleaning log files
13 silly packumentCache heap:478674944 maxSize:119668736 maxEntrySize:59834368
14 silly idealTree buildDeps
15 silly fetch manifest prettier@^3.1.1
16 silly packumentCache full:https://registry.npmjs.org/prettier cache-miss
17 http fetch GET 200 https://registry.npmjs.org/prettier 1692ms (cache miss)
18 silly packumentCache full:https://registry.npmjs.org/prettier set size:undefined disposed:false
19 silly fetch manifest @chemzqm/tsconfig@^0.0.3
20 silly packumentCache full:https://registry.npmjs.org/@chemzqm%2ftsconfig cache-miss
21 http fetch GET 200 https://registry.npmjs.org/@chemzqm%2ftsconfig 1321ms (cache miss)
22 silly packumentCache full:https://registry.npmjs.org/@chemzqm%2ftsconfig set size:undefined disposed:false
23 silly fetch manifest @types/node@^16.18
24 silly packumentCache full:https://registry.npmjs.org/@types%2fnode cache-miss
25 http fetch GET 200 https://registry.npmjs.org/@types%2fnode 1592ms (cache miss)
26 silly packumentCache full:https://registry.npmjs.org/@types%2fnode set size:undefined disposed:false
27 silly fetch manifest @types/semver@^7.3.9
28 silly packumentCache full:https://registry.npmjs.org/@types%2fsemver cache-miss
29 http fetch GET 200 https://registry.npmjs.org/@types%2fsemver 264ms (cache miss)
30 silly packumentCache full:https://registry.npmjs.org/@types%2fsemver set size:undefined disposed:false
31 silly fetch manifest @types/prettier@^2.7.2
32 silly packumentCache full:https://registry.npmjs.org/@types%2fprettier cache-miss
33 http fetch GET 200 https://registry.npmjs.org/@types%2fprettier 380ms (cache miss)
34 silly packumentCache full:https://registry.npmjs.org/@types%2fprettier set size:undefined disposed:false
35 silly fetch manifest coc.nvim@0.0.83-next.19
36 silly packumentCache full:https://registry.npmjs.org/coc.nvim cache-miss
37 http fetch GET 200 https://registry.npmjs.org/coc.nvim 876ms (cache miss)
38 silly packumentCache full:https://registry.npmjs.org/coc.nvim set size:undefined disposed:false
39 silly fetch manifest esbuild@^0.25.0
40 silly packumentCache full:https://registry.npmjs.org/esbuild cache-miss
41 http fetch GET 200 https://registry.npmjs.org/esbuild 427ms (cache miss)
42 silly packumentCache full:https://registry.npmjs.org/esbuild set size:undefined disposed:false
43 silly fetch manifest find-up@^5.0.0
44 silly packumentCache full:https://registry.npmjs.org/find-up cache-miss
45 http fetch GET 200 https://registry.npmjs.org/find-up 500ms (cache miss)
46 silly packumentCache full:https://registry.npmjs.org/find-up set size:undefined disposed:false
47 silly fetch manifest ignore@^5.2.0
48 silly packumentCache full:https://registry.npmjs.org/ignore cache-miss
49 http fetch GET 200 https://registry.npmjs.org/ignore 9701ms (cache miss)
50 silly packumentCache full:https://registry.npmjs.org/ignore set size:undefined disposed:false
51 silly fetch manifest resolve@^1.22.8
52 silly packumentCache full:https://registry.npmjs.org/resolve cache-miss
53 http fetch GET 200 https://registry.npmjs.org/resolve 202ms (cache miss)
54 silly packumentCache full:https://registry.npmjs.org/resolve set size:undefined disposed:false
55 silly fetch manifest rimraf@^3.0.2
56 silly packumentCache full:https://registry.npmjs.org/rimraf cache-miss
57 http fetch GET 200 https://registry.npmjs.org/rimraf 312ms (cache miss)
58 silly packumentCache full:https://registry.npmjs.org/rimraf set size:undefined disposed:false
59 silly fetch manifest semver@^7.6.3
60 silly packumentCache full:https://registry.npmjs.org/semver cache-miss
61 http cache https://registry.npmjs.org/semver 119ms (cache hit)
62 silly packumentCache full:https://registry.npmjs.org/semver set size:224186 disposed:false
63 silly fetch manifest typescript@^5.7.3
64 silly packumentCache full:https://registry.npmjs.org/typescript cache-miss
65 http cache https://registry.npmjs.org/typescript 230ms (cache hit)
66 silly packumentCache full:https://registry.npmjs.org/typescript set size:14655015 disposed:false
67 silly placeDep ROOT @chemzqm/tsconfig@0.0.3 OK for: coc-prettier@11.0.1 want: ^0.0.3
68 silly placeDep ROOT @types/node@16.18.126 OK for: coc-prettier@11.0.1 want: ^16.18
69 silly placeDep ROOT @types/prettier@2.7.3 OK for: coc-prettier@11.0.1 want: ^2.7.2
70 silly placeDep ROOT @types/semver@7.7.1 OK for: coc-prettier@11.0.1 want: ^7.3.9
71 silly placeDep ROOT coc.nvim@0.0.83-next.19 OK for: coc-prettier@11.0.1 want: 0.0.83-next.19
72 silly placeDep ROOT esbuild@0.25.9 OK for: coc-prettier@11.0.1 want: ^0.25.0
73 silly placeDep ROOT find-up@5.0.0 OK for: coc-prettier@11.0.1 want: ^5.0.0
74 silly placeDep ROOT ignore@5.3.2 OK for: coc-prettier@11.0.1 want: ^5.2.0
75 silly placeDep ROOT prettier@3.6.2 OK for: coc-prettier@11.0.1 want: ^3.1.1
76 silly placeDep ROOT resolve@1.22.10 OK for: coc-prettier@11.0.1 want: ^1.22.8
77 silly placeDep ROOT rimraf@3.0.2 OK for: coc-prettier@11.0.1 want: ^3.0.2
78 silly placeDep ROOT semver@7.7.2 OK for: coc-prettier@11.0.1 want: ^7.6.3
79 silly placeDep ROOT typescript@5.9.2 OK for: coc-prettier@11.0.1 want: ^5.7.3
80 silly fetch manifest @esbuild/aix-ppc64@0.25.9
81 silly packumentCache full:https://registry.npmjs.org/@esbuild%2faix-ppc64 cache-miss
82 silly fetch manifest @esbuild/android-arm@0.25.9
83 silly packumentCache full:https://registry.npmjs.org/@esbuild%2fandroid-arm cache-miss
84 silly fetch manifest @esbuild/android-arm64@0.25.9
85 silly packumentCache full:https://registry.npmjs.org/@esbuild%2fandroid-arm64 cache-miss
86 silly fetch manifest @esbuild/android-x64@0.25.9
87 silly packumentCache full:https://registry.npmjs.org/@esbuild%2fandroid-x64 cache-miss
88 silly fetch manifest @esbuild/darwin-arm64@0.25.9
89 silly packumentCache full:https://registry.npmjs.org/@esbuild%2fdarwin-arm64 cache-miss
90 silly fetch manifest @esbuild/darwin-x64@0.25.9
91 silly packumentCache full:https://registry.npmjs.org/@esbuild%2fdarwin-x64 cache-miss
92 silly fetch manifest @esbuild/freebsd-arm64@0.25.9
93 silly packumentCache full:https://registry.npmjs.org/@esbuild%2ffreebsd-arm64 cache-miss
94 http cache https://registry.npmjs.org/@esbuild%2faix-ppc64 204ms (cache hit)
95 silly packumentCache full:https://registry.npmjs.org/@esbuild%2faix-ppc64 set size:41678 disposed:false
96 silly fetch manifest @esbuild/freebsd-x64@0.25.9
97 silly packumentCache full:https://registry.npmjs.org/@esbuild%2ffreebsd-x64 cache-miss
98 http cache https://registry.npmjs.org/@esbuild%2fandroid-arm 216ms (cache hit)
99 silly packumentCache full:https://registry.npmjs.org/@esbuild%2fandroid-arm set size:201040 disposed:false
100 silly fetch manifest @esbuild/linux-arm@0.25.9
101 silly packumentCache full:https://registry.npmjs.org/@esbuild%2flinux-arm cache-miss
102 http cache https://registry.npmjs.org/@esbuild%2fandroid-arm64 227ms (cache hit)
103 silly packumentCache full:https://registry.npmjs.org/@esbuild%2fandroid-arm64 set size:177769 disposed:false
104 silly fetch manifest @esbuild/linux-arm64@0.25.9
105 silly packumentCache full:https://registry.npmjs.org/@esbuild%2flinux-arm64 cache-miss
106 http cache https://registry.npmjs.org/@esbuild%2fdarwin-arm64 238ms (cache hit)
107 silly packumentCache full:https://registry.npmjs.org/@esbuild%2fdarwin-arm64 set size:176959 disposed:false
108 silly fetch manifest @esbuild/linux-ia32@0.25.9
109 silly packumentCache full:https://registry.npmjs.org/@esbuild%2flinux-ia32 cache-miss
110 http cache https://registry.npmjs.org/@esbuild%2fandroid-x64 257ms (cache hit)
111 silly packumentCache full:https://registry.npmjs.org/@esbuild%2fandroid-x64 set size:174842 disposed:false
112 silly fetch manifest @esbuild/linux-loong64@0.25.9
113 silly packumentCache full:https://registry.npmjs.org/@esbuild%2flinux-loong64 cache-miss
114 http cache https://registry.npmjs.org/@esbuild%2ffreebsd-arm64 262ms (cache hit)
115 silly packumentCache full:https://registry.npmjs.org/@esbuild%2ffreebsd-arm64 set size:177740 disposed:false
116 silly fetch manifest @esbuild/linux-mips64el@0.25.9
117 silly packumentCache full:https://registry.npmjs.org/@esbuild%2flinux-mips64el cache-miss
118 http cache https://registry.npmjs.org/@esbuild%2fdarwin-x64 286ms (cache hit)
119 silly packumentCache full:https://registry.npmjs.org/@esbuild%2fdarwin-x64 set size:175420 disposed:false
120 silly fetch manifest @esbuild/linux-ppc64@0.25.9
121 silly packumentCache full:https://registry.npmjs.org/@esbuild%2flinux-ppc64 cache-miss
122 http cache https://registry.npmjs.org/@esbuild%2ffreebsd-x64 269ms (cache hit)
123 silly packumentCache full:https://registry.npmjs.org/@esbuild%2ffreebsd-x64 set size:176184 disposed:false
124 silly fetch manifest @esbuild/linux-riscv64@0.25.9
125 silly packumentCache full:https://registry.npmjs.org/@esbuild%2flinux-riscv64 cache-miss
126 http cache https://registry.npmjs.org/@esbuild%2flinux-arm 266ms (cache hit)
127 silly packumentCache full:https://registry.npmjs.org/@esbuild%2flinux-arm set size:174493 disposed:false
128 silly fetch manifest @esbuild/linux-s390x@0.25.9
129 silly packumentCache full:https://registry.npmjs.org/@esbuild%2flinux-s390x cache-miss
130 http cache https://registry.npmjs.org/@esbuild%2flinux-arm64 270ms (cache hit)
131 silly packumentCache full:https://registry.npmjs.org/@esbuild%2flinux-arm64 set size:176365 disposed:false
132 silly fetch manifest @esbuild/linux-x64@0.25.9
133 silly packumentCache full:https://registry.npmjs.org/@esbuild%2flinux-x64 cache-miss
134 http cache https://registry.npmjs.org/@esbuild%2flinux-ia32 273ms (cache hit)
135 silly packumentCache full:https://registry.npmjs.org/@esbuild%2flinux-ia32 set size:175378 disposed:false
136 silly fetch manifest @esbuild/netbsd-arm64@0.25.9
137 silly packumentCache full:https://registry.npmjs.org/@esbuild%2fnetbsd-arm64 cache-miss
138 http cache https://registry.npmjs.org/@esbuild%2flinux-ppc64 238ms (cache hit)
139 silly packumentCache full:https://registry.npmjs.org/@esbuild%2flinux-ppc64 set size:178165 disposed:false
140 silly fetch manifest @esbuild/netbsd-x64@0.25.9
141 silly packumentCache full:https://registry.npmjs.org/@esbuild%2fnetbsd-x64 cache-miss
142 http cache https://registry.npmjs.org/@esbuild%2flinux-loong64 292ms (cache hit)
143 silly packumentCache full:https://registry.npmjs.org/@esbuild%2flinux-loong64 set size:231040 disposed:false
144 silly fetch manifest @esbuild/openbsd-arm64@0.25.9
145 silly packumentCache full:https://registry.npmjs.org/@esbuild%2fopenbsd-arm64 cache-miss
146 http cache https://registry.npmjs.org/@esbuild%2flinux-mips64el 293ms (cache hit)
147 silly packumentCache full:https://registry.npmjs.org/@esbuild%2flinux-mips64el set size:179689 disposed:false
148 silly fetch manifest @esbuild/openbsd-x64@0.25.9
149 silly packumentCache full:https://registry.npmjs.org/@esbuild%2fopenbsd-x64 cache-miss
150 http cache https://registry.npmjs.org/@esbuild%2flinux-riscv64 263ms (cache hit)
151 silly packumentCache full:https://registry.npmjs.org/@esbuild%2flinux-riscv64 set size:177852 disposed:false
152 silly fetch manifest @esbuild/openharmony-arm64@0.25.9
153 silly packumentCache full:https://registry.npmjs.org/@esbuild%2fopenharmony-arm64 cache-miss
154 http cache https://registry.npmjs.org/@esbuild%2flinux-x64 239ms (cache hit)
155 silly packumentCache full:https://registry.npmjs.org/@esbuild%2flinux-x64 set size:174796 disposed:false
156 silly fetch manifest @esbuild/sunos-x64@0.25.9
157 silly packumentCache full:https://registry.npmjs.org/@esbuild%2fsunos-x64 cache-miss
158 http cache https://registry.npmjs.org/@esbuild%2flinux-s390x 278ms (cache hit)
159 silly packumentCache full:https://registry.npmjs.org/@esbuild%2flinux-s390x set size:177698 disposed:false
160 silly fetch manifest @esbuild/win32-arm64@0.25.9
161 silly packumentCache full:https://registry.npmjs.org/@esbuild%2fwin32-arm64 cache-miss
162 http cache https://registry.npmjs.org/@esbuild%2fnetbsd-arm64 251ms (cache hit)
163 silly packumentCache full:https://registry.npmjs.org/@esbuild%2fnetbsd-arm64 set size:19782 disposed:false
164 silly fetch manifest @esbuild/win32-ia32@0.25.9
165 silly packumentCache full:https://registry.npmjs.org/@esbuild%2fwin32-ia32 cache-miss
166 http cache https://registry.npmjs.org/@esbuild%2fnetbsd-x64 245ms (cache hit)
167 silly packumentCache full:https://registry.npmjs.org/@esbuild%2fnetbsd-x64 set size:173407 disposed:false
168 silly fetch manifest @esbuild/win32-x64@0.25.9
169 silly packumentCache full:https://registry.npmjs.org/@esbuild%2fwin32-x64 cache-miss
170 http cache https://registry.npmjs.org/@esbuild%2fopenbsd-x64 223ms (cache hit)
171 silly packumentCache full:https://registry.npmjs.org/@esbuild%2fopenbsd-x64 set size:176188 disposed:false
172 silly fetch manifest locate-path@^6.0.0
173 silly packumentCache full:https://registry.npmjs.org/locate-path cache-miss
174 http cache https://registry.npmjs.org/@esbuild%2fopenbsd-arm64 263ms (cache hit)
175 silly packumentCache full:https://registry.npmjs.org/@esbuild%2fopenbsd-arm64 set size:24998 disposed:false
176 silly fetch manifest path-exists@^4.0.0
177 silly packumentCache full:https://registry.npmjs.org/path-exists cache-miss
178 http cache https://registry.npmjs.org/@esbuild%2fopenharmony-arm64 277ms (cache hit)
179 silly packumentCache full:https://registry.npmjs.org/@esbuild%2fopenharmony-arm64 set size:8182 disposed:false
180 silly fetch manifest is-core-module@^2.16.0
181 silly packumentCache full:https://registry.npmjs.org/is-core-module cache-miss
182 http cache https://registry.npmjs.org/@esbuild%2fwin32-arm64 262ms (cache hit)
183 silly packumentCache full:https://registry.npmjs.org/@esbuild%2fwin32-arm64 set size:176567 disposed:false
184 silly fetch manifest path-parse@^1.0.7
185 silly packumentCache full:https://registry.npmjs.org/path-parse cache-miss
186 http cache https://registry.npmjs.org/@esbuild%2fsunos-x64 294ms (cache hit)
187 silly packumentCache full:https://registry.npmjs.org/@esbuild%2fsunos-x64 set size:175006 disposed:false
188 silly fetch manifest supports-preserve-symlinks-flag@^1.0.0
189 silly packumentCache full:https://registry.npmjs.org/supports-preserve-symlinks-flag cache-miss
190 http cache https://registry.npmjs.org/@esbuild%2fwin32-ia32 285ms (cache hit)
191 silly packumentCache full:https://registry.npmjs.org/@esbuild%2fwin32-ia32 set size:175575 disposed:false
192 silly fetch manifest glob@^7.1.3
193 silly packumentCache full:https://registry.npmjs.org/glob cache-miss
194 http cache https://registry.npmjs.org/@esbuild%2fwin32-x64 294ms (cache hit)
195 silly packumentCache full:https://registry.npmjs.org/@esbuild%2fwin32-x64 set size:175007 disposed:false
196 http fetch GET 200 https://registry.npmjs.org/locate-path 473ms (cache miss)
197 silly packumentCache full:https://registry.npmjs.org/locate-path set size:undefined disposed:false
198 http fetch GET 200 https://registry.npmjs.org/path-exists 653ms (cache miss)
199 silly packumentCache full:https://registry.npmjs.org/path-exists set size:undefined disposed:false
200 http fetch GET 200 https://registry.npmjs.org/path-parse 925ms (cache miss)
201 silly packumentCache full:https://registry.npmjs.org/path-parse set size:undefined disposed:false
202 http fetch GET 200 https://registry.npmjs.org/is-core-module 1076ms (cache miss)
203 silly packumentCache full:https://registry.npmjs.org/is-core-module set size:undefined disposed:false
204 http fetch GET 200 https://registry.npmjs.org/supports-preserve-symlinks-flag 1177ms (cache miss)
205 silly packumentCache full:https://registry.npmjs.org/supports-preserve-symlinks-flag set size:undefined disposed:false
206 http fetch GET 200 https://registry.npmjs.org/glob 1325ms (cache miss)
207 silly packumentCache full:https://registry.npmjs.org/glob set size:undefined disposed:false
208 silly placeDep ROOT @esbuild/aix-ppc64@0.25.9 OK for: esbuild@0.25.9 want: 0.25.9
209 silly placeDep ROOT @esbuild/android-arm@0.25.9 OK for: esbuild@0.25.9 want: 0.25.9
210 silly placeDep ROOT @esbuild/android-arm64@0.25.9 OK for: esbuild@0.25.9 want: 0.25.9
211 silly placeDep ROOT @esbuild/android-x64@0.25.9 OK for: esbuild@0.25.9 want: 0.25.9
212 silly placeDep ROOT @esbuild/darwin-arm64@0.25.9 OK for: esbuild@0.25.9 want: 0.25.9
213 silly placeDep ROOT @esbuild/darwin-x64@0.25.9 OK for: esbuild@0.25.9 want: 0.25.9
214 silly placeDep ROOT @esbuild/freebsd-arm64@0.25.9 OK for: esbuild@0.25.9 want: 0.25.9
215 silly placeDep ROOT @esbuild/freebsd-x64@0.25.9 OK for: esbuild@0.25.9 want: 0.25.9
216 silly placeDep ROOT @esbuild/linux-arm@0.25.9 OK for: esbuild@0.25.9 want: 0.25.9
217 silly placeDep ROOT @esbuild/linux-arm64@0.25.9 OK for: esbuild@0.25.9 want: 0.25.9
218 silly placeDep ROOT @esbuild/linux-ia32@0.25.9 OK for: esbuild@0.25.9 want: 0.25.9
219 silly placeDep ROOT @esbuild/linux-loong64@0.25.9 OK for: esbuild@0.25.9 want: 0.25.9
220 silly placeDep ROOT @esbuild/linux-mips64el@0.25.9 OK for: esbuild@0.25.9 want: 0.25.9
221 silly placeDep ROOT @esbuild/linux-ppc64@0.25.9 OK for: esbuild@0.25.9 want: 0.25.9
222 silly placeDep ROOT @esbuild/linux-riscv64@0.25.9 OK for: esbuild@0.25.9 want: 0.25.9
223 silly placeDep ROOT @esbuild/linux-s390x@0.25.9 OK for: esbuild@0.25.9 want: 0.25.9
224 silly placeDep ROOT @esbuild/linux-x64@0.25.9 OK for: esbuild@0.25.9 want: 0.25.9
225 silly placeDep ROOT @esbuild/netbsd-arm64@0.25.9 OK for: esbuild@0.25.9 want: 0.25.9
226 silly placeDep ROOT @esbuild/netbsd-x64@0.25.9 OK for: esbuild@0.25.9 want: 0.25.9
227 silly placeDep ROOT @esbuild/openbsd-arm64@0.25.9 OK for: esbuild@0.25.9 want: 0.25.9
228 silly placeDep ROOT @esbuild/openbsd-x64@0.25.9 OK for: esbuild@0.25.9 want: 0.25.9
229 silly placeDep ROOT @esbuild/openharmony-arm64@0.25.9 OK for: esbuild@0.25.9 want: 0.25.9
230 silly placeDep ROOT @esbuild/sunos-x64@0.25.9 OK for: esbuild@0.25.9 want: 0.25.9
231 silly placeDep ROOT @esbuild/win32-arm64@0.25.9 OK for: esbuild@0.25.9 want: 0.25.9
232 silly placeDep ROOT @esbuild/win32-ia32@0.25.9 OK for: esbuild@0.25.9 want: 0.25.9
233 silly placeDep ROOT @esbuild/win32-x64@0.25.9 OK for: esbuild@0.25.9 want: 0.25.9
234 silly placeDep ROOT locate-path@6.0.0 OK for: find-up@5.0.0 want: ^6.0.0
235 silly placeDep ROOT path-exists@4.0.0 OK for: find-up@5.0.0 want: ^4.0.0
236 silly fetch manifest p-locate@^5.0.0
237 silly packumentCache full:https://registry.npmjs.org/p-locate cache-miss
238 http fetch GET 200 https://registry.npmjs.org/p-locate 265ms (cache miss)
239 silly packumentCache full:https://registry.npmjs.org/p-locate set size:undefined disposed:false
240 silly placeDep ROOT p-locate@5.0.0 OK for: locate-path@6.0.0 want: ^5.0.0
241 silly fetch manifest p-limit@^3.0.2
242 silly packumentCache full:https://registry.npmjs.org/p-limit cache-miss
243 http fetch GET 200 https://registry.npmjs.org/p-limit 176ms (cache miss)
244 silly packumentCache full:https://registry.npmjs.org/p-limit set size:undefined disposed:false
245 silly placeDep ROOT p-limit@3.1.0 OK for: p-locate@5.0.0 want: ^3.0.2
246 silly fetch manifest yocto-queue@^0.1.0
247 silly packumentCache full:https://registry.npmjs.org/yocto-queue cache-miss
248 http fetch GET 200 https://registry.npmjs.org/yocto-queue 150ms (cache miss)
249 silly packumentCache full:https://registry.npmjs.org/yocto-queue set size:undefined disposed:false
250 silly placeDep ROOT yocto-queue@0.1.0 OK for: p-limit@3.1.0 want: ^0.1.0
251 silly placeDep ROOT is-core-module@2.16.1 OK for: resolve@1.22.10 want: ^2.16.0
252 silly placeDep ROOT path-parse@1.0.7 OK for: resolve@1.22.10 want: ^1.0.7
253 silly placeDep ROOT supports-preserve-symlinks-flag@1.0.0 OK for: resolve@1.22.10 want: ^1.0.0
254 silly fetch manifest hasown@^2.0.2
255 silly packumentCache full:https://registry.npmjs.org/hasown cache-miss
256 http fetch GET 200 https://registry.npmjs.org/hasown 194ms (cache revalidated)
257 silly packumentCache full:https://registry.npmjs.org/hasown set size:12476 disposed:false
258 silly placeDep ROOT hasown@2.0.2 OK for: is-core-module@2.16.1 want: ^2.0.2
259 silly fetch manifest function-bind@^1.1.2
260 silly packumentCache full:https://registry.npmjs.org/function-bind cache-miss
261 http fetch GET 200 https://registry.npmjs.org/function-bind 436ms (cache revalidated)
262 silly packumentCache full:https://registry.npmjs.org/function-bind set size:15733 disposed:false
263 silly placeDep ROOT function-bind@1.1.2 OK for: hasown@2.0.2 want: ^1.1.2
264 silly placeDep ROOT glob@7.2.3 OK for: rimraf@3.0.2 want: ^7.1.3
265 silly fetch manifest once@^1.3.0
266 silly packumentCache full:https://registry.npmjs.org/once cache-miss
267 silly fetch manifest inflight@^1.0.4
268 silly packumentCache full:https://registry.npmjs.org/inflight cache-miss
269 silly fetch manifest inherits@2
270 silly packumentCache full:https://registry.npmjs.org/inherits cache-miss
271 silly fetch manifest minimatch@^3.1.1
272 silly packumentCache full:https://registry.npmjs.org/minimatch cache-miss
273 silly fetch manifest fs.realpath@^1.0.0
274 silly packumentCache full:https://registry.npmjs.org/fs.realpath cache-miss
275 silly fetch manifest path-is-absolute@^1.0.0
276 silly packumentCache full:https://registry.npmjs.org/path-is-absolute cache-miss
277 http fetch GET 200 https://registry.npmjs.org/once 274ms (cache miss)
278 silly packumentCache full:https://registry.npmjs.org/once set size:undefined disposed:false
279 http fetch GET 200 https://registry.npmjs.org/inflight 276ms (cache miss)
280 silly packumentCache full:https://registry.npmjs.org/inflight set size:undefined disposed:false
281 http fetch GET 200 https://registry.npmjs.org/fs.realpath 482ms (cache miss)
282 silly packumentCache full:https://registry.npmjs.org/fs.realpath set size:undefined disposed:false
283 http fetch GET 200 https://registry.npmjs.org/path-is-absolute 490ms (cache miss)
284 silly packumentCache full:https://registry.npmjs.org/path-is-absolute set size:undefined disposed:false
285 http fetch GET 200 https://registry.npmjs.org/inherits 508ms (cache miss)
286 silly packumentCache full:https://registry.npmjs.org/inherits set size:undefined disposed:false
287 http fetch GET 200 https://registry.npmjs.org/minimatch 563ms (cache miss)
288 silly packumentCache full:https://registry.npmjs.org/minimatch set size:undefined disposed:false
289 silly placeDep ROOT fs.realpath@1.0.0 OK for: glob@7.2.3 want: ^1.0.0
290 silly placeDep ROOT inflight@1.0.6 OK for: glob@7.2.3 want: ^1.0.4
291 silly placeDep ROOT inherits@2.0.4 OK for: glob@7.2.3 want: 2
292 silly placeDep ROOT minimatch@3.1.2 OK for: glob@7.2.3 want: ^3.1.1
293 silly placeDep ROOT once@1.4.0 OK for: glob@7.2.3 want: ^1.3.0
294 silly placeDep ROOT path-is-absolute@1.0.1 OK for: glob@7.2.3 want: ^1.0.0
295 silly fetch manifest wrappy@1
296 silly packumentCache full:https://registry.npmjs.org/wrappy cache-miss
297 silly fetch manifest brace-expansion@^1.1.7
298 silly packumentCache full:https://registry.npmjs.org/brace-expansion cache-miss
299 silly fetch manifest wrappy@1
300 silly packumentCache full:https://registry.npmjs.org/wrappy cache-miss
301 http fetch GET 200 https://registry.npmjs.org/wrappy 230ms (cache miss)
302 silly packumentCache full:https://registry.npmjs.org/wrappy set size:undefined disposed:false
303 http fetch GET 200 https://registry.npmjs.org/wrappy 233ms (cache miss)
304 silly packumentCache full:https://registry.npmjs.org/wrappy set size:undefined disposed:false
305 http fetch GET 200 https://registry.npmjs.org/brace-expansion 248ms (cache miss)
306 silly packumentCache full:https://registry.npmjs.org/brace-expansion set size:undefined disposed:false
307 silly placeDep ROOT wrappy@1.0.2 OK for: inflight@1.0.6 want: 1
308 silly placeDep ROOT brace-expansion@1.1.12 OK for: minimatch@3.1.2 want: ^1.1.7
309 silly fetch manifest balanced-match@^1.0.0
310 silly packumentCache full:https://registry.npmjs.org/balanced-match cache-miss
311 silly fetch manifest concat-map@0.0.1
312 silly packumentCache full:https://registry.npmjs.org/concat-map cache-miss
313 http fetch GET 200 https://registry.npmjs.org/balanced-match 200ms (cache miss)
314 silly packumentCache full:https://registry.npmjs.org/balanced-match set size:undefined disposed:false
315 http fetch GET 200 https://registry.npmjs.org/concat-map 207ms (cache miss)
316 silly packumentCache full:https://registry.npmjs.org/concat-map set size:undefined disposed:false
317 silly placeDep ROOT balanced-match@1.0.2 OK for: brace-expansion@1.1.12 want: ^1.0.0
318 silly placeDep ROOT concat-map@0.0.1 OK for: brace-expansion@1.1.12 want: 0.0.1
319 silly reify moves {}
320 silly reify mark deleted [
320 silly reify   '/home/.config/coc/extensions/node_modules/coc-prettier-4d1d62a7-3ab0-45a6-a106-af67197e232f/node_modules/@chemzqm/tsconfig'
320 silly reify ]
321 silly reify mark deleted [
321 silly reify   '/home/.config/coc/extensions/node_modules/coc-prettier-4d1d62a7-3ab0-45a6-a106-af67197e232f/node_modules/@types/node'
321 silly reify ]
322 silly reify mark deleted [
322 silly reify   '/home/.config/coc/extensions/node_modules/coc-prettier-4d1d62a7-3ab0-45a6-a106-af67197e232f/node_modules/@types/prettier'
322 silly reify ]
323 silly reify mark deleted [
323 silly reify   '/home/.config/coc/extensions/node_modules/coc-prettier-4d1d62a7-3ab0-45a6-a106-af67197e232f/node_modules/@types/semver'
323 silly reify ]
324 silly reify mark deleted [
324 silly reify   '/home/.config/coc/extensions/node_modules/coc-prettier-4d1d62a7-3ab0-45a6-a106-af67197e232f/node_modules/coc.nvim'
324 silly reify ]
325 silly reify mark deleted [
325 silly reify   '/home/.config/coc/extensions/node_modules/coc-prettier-4d1d62a7-3ab0-45a6-a106-af67197e232f/node_modules/esbuild',
325 silly reify   '/home/.config/coc/extensions/node_modules/coc-prettier-4d1d62a7-3ab0-45a6-a106-af67197e232f/node_modules/.bin/esbuild'
325 silly reify ]
326 silly reify mark deleted [
326 silly reify   '/home/.config/coc/extensions/node_modules/coc-prettier-4d1d62a7-3ab0-45a6-a106-af67197e232f/node_modules/find-up'
326 silly reify ]
327 silly reify mark deleted [
327 silly reify   '/home/.config/coc/extensions/node_modules/coc-prettier-4d1d62a7-3ab0-45a6-a106-af67197e232f/node_modules/ignore'
327 silly reify ]
328 silly reify mark deleted [
328 silly reify   '/home/.config/coc/extensions/node_modules/coc-prettier-4d1d62a7-3ab0-45a6-a106-af67197e232f/node_modules/resolve',
328 silly reify   '/home/.config/coc/extensions/node_modules/coc-prettier-4d1d62a7-3ab0-45a6-a106-af67197e232f/node_modules/.bin/resolve'
328 silly reify ]
329 silly reify mark deleted [
329 silly reify   '/home/.config/coc/extensions/node_modules/coc-prettier-4d1d62a7-3ab0-45a6-a106-af67197e232f/node_modules/rimraf',
329 silly reify   '/home/.config/coc/extensions/node_modules/coc-prettier-4d1d62a7-3ab0-45a6-a106-af67197e232f/node_modules/.bin/rimraf'
329 silly reify ]
330 silly reify mark deleted [
330 silly reify   '/home/.config/coc/extensions/node_modules/coc-prettier-4d1d62a7-3ab0-45a6-a106-af67197e232f/node_modules/semver',
330 silly reify   '/home/.config/coc/extensions/node_modules/coc-prettier-4d1d62a7-3ab0-45a6-a106-af67197e232f/node_modules/.bin/semver'
330 silly reify ]
331 silly reify mark deleted [
331 silly reify   '/home/.config/coc/extensions/node_modules/coc-prettier-4d1d62a7-3ab0-45a6-a106-af67197e232f/node_modules/typescript',
331 silly reify   '/home/.config/coc/extensions/node_modules/coc-prettier-4d1d62a7-3ab0-45a6-a106-af67197e232f/node_modules/.bin/tsc',
331 silly reify   '/home/.config/coc/extensions/node_modules/coc-prettier-4d1d62a7-3ab0-45a6-a106-af67197e232f/node_modules/.bin/tsserver'
331 silly reify ]
332 silly reify mark deleted [
332 silly reify   '/home/.config/coc/extensions/node_modules/coc-prettier-4d1d62a7-3ab0-45a6-a106-af67197e232f/node_modules/@esbuild/aix-ppc64'
332 silly reify ]
333 silly reify mark deleted [
333 silly reify   '/home/.config/coc/extensions/node_modules/coc-prettier-4d1d62a7-3ab0-45a6-a106-af67197e232f/node_modules/@esbuild/android-arm'
333 silly reify ]
334 silly reify mark deleted [
334 silly reify   '/home/.config/coc/extensions/node_modules/coc-prettier-4d1d62a7-3ab0-45a6-a106-af67197e232f/node_modules/@esbuild/android-arm64'
334 silly reify ]
335 silly reify mark deleted [
335 silly reify   '/home/.config/coc/extensions/node_modules/coc-prettier-4d1d62a7-3ab0-45a6-a106-af67197e232f/node_modules/@esbuild/android-x64'
335 silly reify ]
336 silly reify mark deleted [
336 silly reify   '/home/.config/coc/extensions/node_modules/coc-prettier-4d1d62a7-3ab0-45a6-a106-af67197e232f/node_modules/@esbuild/darwin-arm64'
336 silly reify ]
337 silly reify mark deleted [
337 silly reify   '/home/.config/coc/extensions/node_modules/coc-prettier-4d1d62a7-3ab0-45a6-a106-af67197e232f/node_modules/@esbuild/darwin-x64'
337 silly reify ]
338 silly reify mark deleted [
338 silly reify   '/home/.config/coc/extensions/node_modules/coc-prettier-4d1d62a7-3ab0-45a6-a106-af67197e232f/node_modules/@esbuild/freebsd-arm64'
338 silly reify ]
339 silly reify mark deleted [
339 silly reify   '/home/.config/coc/extensions/node_modules/coc-prettier-4d1d62a7-3ab0-45a6-a106-af67197e232f/node_modules/@esbuild/freebsd-x64'
339 silly reify ]
340 silly reify mark deleted [
340 silly reify   '/home/.config/coc/extensions/node_modules/coc-prettier-4d1d62a7-3ab0-45a6-a106-af67197e232f/node_modules/@esbuild/linux-arm'
340 silly reify ]
341 silly reify mark deleted [
341 silly reify   '/home/.config/coc/extensions/node_modules/coc-prettier-4d1d62a7-3ab0-45a6-a106-af67197e232f/node_modules/@esbuild/linux-arm64'
341 silly reify ]
342 silly reify mark deleted [
342 silly reify   '/home/.config/coc/extensions/node_modules/coc-prettier-4d1d62a7-3ab0-45a6-a106-af67197e232f/node_modules/@esbuild/linux-ia32'
342 silly reify ]
343 silly reify mark deleted [
343 silly reify   '/home/.config/coc/extensions/node_modules/coc-prettier-4d1d62a7-3ab0-45a6-a106-af67197e232f/node_modules/@esbuild/linux-loong64'
343 silly reify ]
344 silly reify mark deleted [
344 silly reify   '/home/.config/coc/extensions/node_modules/coc-prettier-4d1d62a7-3ab0-45a6-a106-af67197e232f/node_modules/@esbuild/linux-mips64el'
344 silly reify ]
345 silly reify mark deleted [
345 silly reify   '/home/.config/coc/extensions/node_modules/coc-prettier-4d1d62a7-3ab0-45a6-a106-af67197e232f/node_modules/@esbuild/linux-ppc64'
345 silly reify ]
346 silly reify mark deleted [
346 silly reify   '/home/.config/coc/extensions/node_modules/coc-prettier-4d1d62a7-3ab0-45a6-a106-af67197e232f/node_modules/@esbuild/linux-riscv64'
346 silly reify ]
347 silly reify mark deleted [
347 silly reify   '/home/.config/coc/extensions/node_modules/coc-prettier-4d1d62a7-3ab0-45a6-a106-af67197e232f/node_modules/@esbuild/linux-s390x'
347 silly reify ]
348 silly reify mark deleted [
348 silly reify   '/home/.config/coc/extensions/node_modules/coc-prettier-4d1d62a7-3ab0-45a6-a106-af67197e232f/node_modules/@esbuild/linux-x64'
348 silly reify ]
349 silly reify mark deleted [
349 silly reify   '/home/.config/coc/extensions/node_modules/coc-prettier-4d1d62a7-3ab0-45a6-a106-af67197e232f/node_modules/@esbuild/netbsd-arm64'
349 silly reify ]
350 silly reify mark deleted [
350 silly reify   '/home/.config/coc/extensions/node_modules/coc-prettier-4d1d62a7-3ab0-45a6-a106-af67197e232f/node_modules/@esbuild/netbsd-x64'
350 silly reify ]
351 silly reify mark deleted [
351 silly reify   '/home/.config/coc/extensions/node_modules/coc-prettier-4d1d62a7-3ab0-45a6-a106-af67197e232f/node_modules/@esbuild/openbsd-arm64'
351 silly reify ]
352 silly reify mark deleted [
352 silly reify   '/home/.config/coc/extensions/node_modules/coc-prettier-4d1d62a7-3ab0-45a6-a106-af67197e232f/node_modules/@esbuild/openbsd-x64'
352 silly reify ]
353 silly reify mark deleted [
353 silly reify   '/home/.config/coc/extensions/node_modules/coc-prettier-4d1d62a7-3ab0-45a6-a106-af67197e232f/node_modules/@esbuild/openharmony-arm64'
353 silly reify ]
354 silly reify mark deleted [
354 silly reify   '/home/.config/coc/extensions/node_modules/coc-prettier-4d1d62a7-3ab0-45a6-a106-af67197e232f/node_modules/@esbuild/sunos-x64'
354 silly reify ]
355 silly reify mark deleted [
355 silly reify   '/home/.config/coc/extensions/node_modules/coc-prettier-4d1d62a7-3ab0-45a6-a106-af67197e232f/node_modules/@esbuild/win32-arm64'
355 silly reify ]
356 silly reify mark deleted [
356 silly reify   '/home/.config/coc/extensions/node_modules/coc-prettier-4d1d62a7-3ab0-45a6-a106-af67197e232f/node_modules/@esbuild/win32-ia32'
356 silly reify ]
357 silly reify mark deleted [
357 silly reify   '/home/.config/coc/extensions/node_modules/coc-prettier-4d1d62a7-3ab0-45a6-a106-af67197e232f/node_modules/@esbuild/win32-x64'
357 silly reify ]
358 silly reify mark deleted [
358 silly reify   '/home/.config/coc/extensions/node_modules/coc-prettier-4d1d62a7-3ab0-45a6-a106-af67197e232f/node_modules/locate-path'
358 silly reify ]
359 silly reify mark deleted [
359 silly reify   '/home/.config/coc/extensions/node_modules/coc-prettier-4d1d62a7-3ab0-45a6-a106-af67197e232f/node_modules/path-exists'
359 silly reify ]
360 silly reify mark deleted [
360 silly reify   '/home/.config/coc/extensions/node_modules/coc-prettier-4d1d62a7-3ab0-45a6-a106-af67197e232f/node_modules/p-locate'
360 silly reify ]
361 silly reify mark deleted [
361 silly reify   '/home/.config/coc/extensions/node_modules/coc-prettier-4d1d62a7-3ab0-45a6-a106-af67197e232f/node_modules/p-limit'
361 silly reify ]
362 silly reify mark deleted [
362 silly reify   '/home/.config/coc/extensions/node_modules/coc-prettier-4d1d62a7-3ab0-45a6-a106-af67197e232f/node_modules/yocto-queue'
362 silly reify ]
363 silly reify mark deleted [
363 silly reify   '/home/.config/coc/extensions/node_modules/coc-prettier-4d1d62a7-3ab0-45a6-a106-af67197e232f/node_modules/is-core-module'
363 silly reify ]
364 silly reify mark deleted [
364 silly reify   '/home/.config/coc/extensions/node_modules/coc-prettier-4d1d62a7-3ab0-45a6-a106-af67197e232f/node_modules/path-parse'
364 silly reify ]
365 silly reify mark deleted [
365 silly reify   '/home/.config/coc/extensions/node_modules/coc-prettier-4d1d62a7-3ab0-45a6-a106-af67197e232f/node_modules/supports-preserve-symlinks-flag'
365 silly reify ]
366 silly reify mark deleted [
366 silly reify   '/home/.config/coc/extensions/node_modules/coc-prettier-4d1d62a7-3ab0-45a6-a106-af67197e232f/node_modules/hasown'
366 silly reify ]
367 silly reify mark deleted [
367 silly reify   '/home/.config/coc/extensions/node_modules/coc-prettier-4d1d62a7-3ab0-45a6-a106-af67197e232f/node_modules/function-bind'
367 silly reify ]
368 silly reify mark deleted [
368 silly reify   '/home/.config/coc/extensions/node_modules/coc-prettier-4d1d62a7-3ab0-45a6-a106-af67197e232f/node_modules/glob'
368 silly reify ]
369 silly reify mark deleted [
369 silly reify   '/home/.config/coc/extensions/node_modules/coc-prettier-4d1d62a7-3ab0-45a6-a106-af67197e232f/node_modules/fs.realpath'
369 silly reify ]
370 silly reify mark deleted [
370 silly reify   '/home/.config/coc/extensions/node_modules/coc-prettier-4d1d62a7-3ab0-45a6-a106-af67197e232f/node_modules/inflight'
370 silly reify ]
371 silly reify mark deleted [
371 silly reify   '/home/.config/coc/extensions/node_modules/coc-prettier-4d1d62a7-3ab0-45a6-a106-af67197e232f/node_modules/inherits'
371 silly reify ]
372 silly reify mark deleted [
372 silly reify   '/home/.config/coc/extensions/node_modules/coc-prettier-4d1d62a7-3ab0-45a6-a106-af67197e232f/node_modules/minimatch'
372 silly reify ]
373 silly reify mark deleted [
373 silly reify   '/home/.config/coc/extensions/node_modules/coc-prettier-4d1d62a7-3ab0-45a6-a106-af67197e232f/node_modules/once'
373 silly reify ]
374 silly reify mark deleted [
374 silly reify   '/home/.config/coc/extensions/node_modules/coc-prettier-4d1d62a7-3ab0-45a6-a106-af67197e232f/node_modules/path-is-absolute'
374 silly reify ]
375 silly reify mark deleted [
375 silly reify   '/home/.config/coc/extensions/node_modules/coc-prettier-4d1d62a7-3ab0-45a6-a106-af67197e232f/node_modules/wrappy'
375 silly reify ]
376 silly reify mark deleted [
376 silly reify   '/home/.config/coc/extensions/node_modules/coc-prettier-4d1d62a7-3ab0-45a6-a106-af67197e232f/node_modules/brace-expansion'
376 silly reify ]
377 silly reify mark deleted [
377 silly reify   '/home/.config/coc/extensions/node_modules/coc-prettier-4d1d62a7-3ab0-45a6-a106-af67197e232f/node_modules/balanced-match'
377 silly reify ]
378 silly reify mark deleted [
378 silly reify   '/home/.config/coc/extensions/node_modules/coc-prettier-4d1d62a7-3ab0-45a6-a106-af67197e232f/node_modules/concat-map'
378 silly reify ]
379 silly audit bulk request { prettier: [ '3.6.2' ] }
380 http cache prettier@https://registry.npmjs.org/prettier/-/prettier-3.6.2.tgz 0ms (cache hit)
381 silly tarball no local data for prettier@https://registry.npmjs.org/prettier/-/prettier-3.6.2.tgz. Extracting by manifest.
382 http fetch POST 200 https://registry.npmjs.org/-/npm/v1/security/advisories/bulk 1421ms
383 silly audit report {}
384 http fetch GET 200 https://registry.npmjs.org/prettier/-/prettier-3.6.2.tgz 4774ms (cache miss)
385 silly ADD
386 silly ADD
387 silly ADD
388 silly ADD
389 silly ADD
390 silly ADD
391 silly ADD
392 silly ADD
393 silly ADD
394 silly ADD
395 silly ADD
396 silly ADD
397 silly ADD
398 silly ADD
399 silly ADD
400 silly ADD
401 silly ADD
402 silly ADD
403 silly ADD
404 silly ADD
405 silly ADD
406 silly ADD
407 silly ADD
408 silly ADD
409 silly ADD
410 silly ADD
411 silly ADD
412 silly ADD
413 silly ADD
414 silly ADD
415 silly ADD
416 silly ADD
417 silly ADD
418 silly ADD
419 silly ADD
420 silly ADD
421 silly ADD
422 silly ADD
423 silly ADD
424 silly ADD
425 silly ADD
426 silly ADD
427 silly ADD
428 silly ADD
429 silly ADD
430 silly ADD
431 silly ADD
432 silly ADD
433 silly ADD
434 silly ADD
435 silly ADD
436 silly ADD node_modules/prettier
437 silly ADD
438 silly ADD
439 silly ADD
440 silly ADD
441 silly ADD
442 silly ADD
443 silly ADD
444 silly ADD
445 verbose cwd /home/.config/coc/extensions/node_modules/coc-prettier-4d1d62a7-3ab0-45a6-a106-af67197e232f
446 verbose os Linux 6.2.1-PRoot-Distro
447 verbose node v22.16.0
448 verbose npm  v11.3.0
449 verbose exit 0
450 info ok
