0 verbose cli /usr/bin/node /usr/bin/npm
1 info using npm@11.3.0
2 info using node@v22.16.0
3 silly config load:file:/usr/lib/node_modules/npm/npmrc
4 silly config load:file:/home/.npmrc
5 silly config load:file:/etc/npmrc
6 verbose title npm i http-server
7 verbose argv "i" "--global" "http-server"
8 verbose logfile logs-max:10 dir:/home/.npm/_logs/2025-09-13T04_32_42_294Z-
9 verbose logfile /home/.npm/_logs/2025-09-13T04_32_42_294Z-debug-0.log
10 silly packumentCache heap:478674944 maxSize:119668736 maxEntrySize:59834368
11 silly logfile done cleaning log files
12 silly idealTree buildDeps
13 silly fetch manifest http-server@*
14 silly packumentCache full:https://registry.npmjs.org/http-server cache-miss
15 http fetch GET 200 https://registry.npmjs.org/http-server 1120ms (cache miss)
16 silly packumentCache full:https://registry.npmjs.org/http-server set size:undefined disposed:false
17 silly placeDep ROOT http-server@14.1.1 OK for:  want: *
18 silly fetch manifest he@^1.2.0
19 silly packumentCache full:https://registry.npmjs.org/he cache-miss
20 silly fetch manifest mime@^1.6.0
21 silly packumentCache full:https://registry.npmjs.org/mime cache-miss
22 silly fetch manifest chalk@^4.1.2
23 silly packumentCache full:https://registry.npmjs.org/chalk cache-miss
24 silly fetch manifest union@~0.5.0
25 silly packumentCache full:https://registry.npmjs.org/union cache-miss
26 silly fetch manifest corser@^2.0.1
27 silly packumentCache full:https://registry.npmjs.org/corser cache-miss
28 silly fetch manifest opener@^1.5.1
29 silly packumentCache full:https://registry.npmjs.org/opener cache-miss
30 silly fetch manifest minimist@^1.2.6
31 silly packumentCache full:https://registry.npmjs.org/minimist cache-miss
32 http fetch GET 200 https://registry.npmjs.org/he 242ms (cache miss)
33 silly packumentCache full:https://registry.npmjs.org/he set size:undefined disposed:false
34 silly fetch manifest url-join@^4.0.1
35 silly packumentCache full:https://registry.npmjs.org/url-join cache-miss
36 http fetch GET 200 https://registry.npmjs.org/url-join 319ms (cache miss)
37 silly packumentCache full:https://registry.npmjs.org/url-join set size:undefined disposed:false
38 silly fetch manifest basic-auth@^2.0.1
39 silly packumentCache full:https://registry.npmjs.org/basic-auth cache-miss
40 http fetch GET 200 https://registry.npmjs.org/corser 757ms (cache miss)
41 silly packumentCache full:https://registry.npmjs.org/corser set size:undefined disposed:false
42 silly fetch manifest http-proxy@^1.18.1
43 silly packumentCache full:https://registry.npmjs.org/http-proxy cache-miss
44 http fetch GET 200 https://registry.npmjs.org/opener 780ms (cache miss)
45 silly packumentCache full:https://registry.npmjs.org/opener set size:undefined disposed:false
46 silly fetch manifest portfinder@^1.0.28
47 silly packumentCache full:https://registry.npmjs.org/portfinder cache-miss
48 http fetch GET 200 https://registry.npmjs.org/union 799ms (cache miss)
49 silly packumentCache full:https://registry.npmjs.org/union set size:undefined disposed:false
50 silly fetch manifest secure-compare@3.0.1
51 silly packumentCache full:https://registry.npmjs.org/secure-compare cache-miss
52 http fetch GET 200 https://registry.npmjs.org/minimist 828ms (cache miss)
53 silly packumentCache full:https://registry.npmjs.org/minimist set size:undefined disposed:false
54 silly fetch manifest html-encoding-sniffer@^3.0.0
55 silly packumentCache full:https://registry.npmjs.org/html-encoding-sniffer cache-miss
56 http fetch GET 200 https://registry.npmjs.org/mime 860ms (cache miss)
57 silly packumentCache full:https://registry.npmjs.org/mime set size:undefined disposed:false
58 http fetch GET 200 https://registry.npmjs.org/chalk 910ms (cache miss)
59 silly packumentCache full:https://registry.npmjs.org/chalk set size:undefined disposed:false
60 http fetch GET 200 https://registry.npmjs.org/basic-auth 353ms (cache miss)
61 silly packumentCache full:https://registry.npmjs.org/basic-auth set size:undefined disposed:false
62 http fetch GET 200 https://registry.npmjs.org/secure-compare 267ms (cache miss)
63 silly packumentCache full:https://registry.npmjs.org/secure-compare set size:undefined disposed:false
64 http fetch GET 200 https://registry.npmjs.org/html-encoding-sniffer 250ms (cache miss)
65 silly packumentCache full:https://registry.npmjs.org/html-encoding-sniffer set size:undefined disposed:false
66 http fetch GET 200 https://registry.npmjs.org/http-proxy 344ms (cache miss)
67 silly packumentCache full:https://registry.npmjs.org/http-proxy set size:undefined disposed:false
68 http fetch GET 200 https://registry.npmjs.org/portfinder 340ms (cache miss)
69 silly packumentCache full:https://registry.npmjs.org/portfinder set size:undefined disposed:false
70 silly placeDep node_modules/http-server basic-auth@2.0.1 OK for: http-server@14.1.1 want: ^2.0.1
71 silly placeDep node_modules/http-server chalk@4.1.2 OK for: http-server@14.1.1 want: ^4.1.2
72 silly placeDep node_modules/http-server corser@2.0.1 OK for: http-server@14.1.1 want: ^2.0.1
73 silly placeDep node_modules/http-server he@1.2.0 OK for: http-server@14.1.1 want: ^1.2.0
74 silly placeDep node_modules/http-server html-encoding-sniffer@3.0.0 OK for: http-server@14.1.1 want: ^3.0.0
75 silly placeDep node_modules/http-server http-proxy@1.18.1 OK for: http-server@14.1.1 want: ^1.18.1
76 silly placeDep node_modules/http-server mime@1.6.0 OK for: http-server@14.1.1 want: ^1.6.0
77 silly placeDep node_modules/http-server minimist@1.2.8 OK for: http-server@14.1.1 want: ^1.2.6
78 silly placeDep node_modules/http-server opener@1.5.2 OK for: http-server@14.1.1 want: ^1.5.1
79 silly placeDep node_modules/http-server portfinder@1.0.38 OK for: http-server@14.1.1 want: ^1.0.28
80 silly placeDep node_modules/http-server secure-compare@3.0.1 OK for: http-server@14.1.1 want: 3.0.1
81 silly placeDep node_modules/http-server union@0.5.0 OK for: http-server@14.1.1 want: ~0.5.0
82 silly placeDep node_modules/http-server url-join@4.0.1 OK for: http-server@14.1.1 want: ^4.0.1
83 silly fetch manifest safe-buffer@5.1.2
84 silly packumentCache full:https://registry.npmjs.org/safe-buffer cache-miss
85 silly fetch manifest ansi-styles@^4.1.0
86 silly packumentCache full:https://registry.npmjs.org/ansi-styles cache-miss
87 silly fetch manifest supports-color@^7.1.0
88 silly packumentCache full:https://registry.npmjs.org/supports-color cache-miss
89 silly fetch manifest whatwg-encoding@^2.0.0
90 silly packumentCache full:https://registry.npmjs.org/whatwg-encoding cache-miss
91 silly fetch manifest eventemitter3@^4.0.0
92 silly packumentCache full:https://registry.npmjs.org/eventemitter3 cache-miss
93 silly fetch manifest requires-port@^1.0.0
94 silly packumentCache full:https://registry.npmjs.org/requires-port cache-miss
95 silly fetch manifest follow-redirects@^1.0.0
96 silly packumentCache full:https://registry.npmjs.org/follow-redirects cache-miss
97 http fetch GET 200 https://registry.npmjs.org/requires-port 468ms (cache miss)
98 silly packumentCache full:https://registry.npmjs.org/requires-port set size:undefined disposed:false
99 silly fetch manifest async@^3.2.6
100 silly packumentCache full:https://registry.npmjs.org/async cache-miss
101 http fetch GET 200 https://registry.npmjs.org/whatwg-encoding 495ms (cache miss)
102 silly packumentCache full:https://registry.npmjs.org/whatwg-encoding set size:undefined disposed:false
103 silly fetch manifest debug@^4.3.6
104 silly packumentCache full:https://registry.npmjs.org/debug cache-miss
105 http fetch GET 200 https://registry.npmjs.org/safe-buffer 562ms (cache miss)
106 silly packumentCache full:https://registry.npmjs.org/safe-buffer set size:undefined disposed:false
107 silly fetch manifest qs@^6.4.0
108 silly packumentCache full:https://registry.npmjs.org/qs cache-miss
109 http fetch GET 200 https://registry.npmjs.org/ansi-styles 586ms (cache miss)
110 silly packumentCache full:https://registry.npmjs.org/ansi-styles set size:undefined disposed:false
111 http fetch GET 200 https://registry.npmjs.org/supports-color 595ms (cache miss)
112 silly packumentCache full:https://registry.npmjs.org/supports-color set size:undefined disposed:false
113 http fetch GET 200 https://registry.npmjs.org/eventemitter3 653ms (cache miss)
114 silly packumentCache full:https://registry.npmjs.org/eventemitter3 set size:undefined disposed:false
115 http fetch GET 200 https://registry.npmjs.org/follow-redirects 724ms (cache miss)
116 silly packumentCache full:https://registry.npmjs.org/follow-redirects set size:undefined disposed:false
117 http fetch GET 200 https://registry.npmjs.org/debug 313ms (cache miss)
118 silly packumentCache full:https://registry.npmjs.org/debug set size:undefined disposed:false
119 http fetch GET 200 https://registry.npmjs.org/async 355ms (cache miss)
120 silly packumentCache full:https://registry.npmjs.org/async set size:undefined disposed:false
121 http fetch GET 200 https://registry.npmjs.org/qs 317ms (cache miss)
122 silly packumentCache full:https://registry.npmjs.org/qs set size:undefined disposed:false
123 silly placeDep node_modules/http-server safe-buffer@5.1.2 OK for: basic-auth@2.0.1 want: 5.1.2
124 silly placeDep node_modules/http-server ansi-styles@4.3.0 OK for: chalk@4.1.2 want: ^4.1.0
125 silly placeDep node_modules/http-server supports-color@7.2.0 OK for: chalk@4.1.2 want: ^7.1.0
126 silly fetch manifest color-convert@^2.0.1
127 silly packumentCache full:https://registry.npmjs.org/color-convert cache-miss
128 silly fetch manifest has-flag@^4.0.0
129 silly packumentCache full:https://registry.npmjs.org/has-flag cache-miss
130 http fetch GET 200 https://registry.npmjs.org/has-flag 175ms (cache miss)
131 silly packumentCache full:https://registry.npmjs.org/has-flag set size:undefined disposed:false
132 http fetch GET 200 https://registry.npmjs.org/color-convert 182ms (cache miss)
133 silly packumentCache full:https://registry.npmjs.org/color-convert set size:undefined disposed:false
134 silly placeDep node_modules/http-server color-convert@2.0.1 OK for: ansi-styles@4.3.0 want: ^2.0.1
135 silly fetch manifest color-name@~1.1.4
136 silly packumentCache full:https://registry.npmjs.org/color-name cache-miss
137 http fetch GET 200 https://registry.npmjs.org/color-name 129ms (cache miss)
138 silly packumentCache full:https://registry.npmjs.org/color-name set size:undefined disposed:false
139 silly placeDep node_modules/http-server color-name@1.1.4 OK for: color-convert@2.0.1 want: ~1.1.4
140 silly placeDep node_modules/http-server whatwg-encoding@2.0.0 OK for: html-encoding-sniffer@3.0.0 want: ^2.0.0
141 silly fetch manifest iconv-lite@0.6.3
142 silly packumentCache full:https://registry.npmjs.org/iconv-lite cache-miss
143 http fetch GET 200 https://registry.npmjs.org/iconv-lite 151ms (cache miss)
144 silly packumentCache full:https://registry.npmjs.org/iconv-lite set size:undefined disposed:false
145 silly placeDep node_modules/http-server eventemitter3@4.0.7 OK for: http-proxy@1.18.1 want: ^4.0.0
146 silly placeDep node_modules/http-server follow-redirects@1.15.11 OK for: http-proxy@1.18.1 want: ^1.0.0
147 silly placeDep node_modules/http-server requires-port@1.0.0 OK for: http-proxy@1.18.1 want: ^1.0.0
148 silly placeDep node_modules/http-server async@3.2.6 OK for: portfinder@1.0.38 want: ^3.2.6
149 silly placeDep node_modules/http-server debug@4.4.1 OK for: portfinder@1.0.38 want: ^4.3.6
150 silly fetch manifest ms@^2.1.3
151 silly packumentCache full:https://registry.npmjs.org/ms cache-miss
152 http fetch GET 200 https://registry.npmjs.org/ms 152ms (cache miss)
153 silly packumentCache full:https://registry.npmjs.org/ms set size:undefined disposed:false
154 silly placeDep node_modules/http-server ms@2.1.3 OK for: debug@4.4.1 want: ^2.1.3
155 silly placeDep node_modules/http-server has-flag@4.0.0 OK for: supports-color@7.2.0 want: ^4.0.0
156 silly placeDep node_modules/http-server qs@6.14.0 OK for: union@0.5.0 want: ^6.4.0
157 silly fetch manifest side-channel@^1.1.0
158 silly packumentCache full:https://registry.npmjs.org/side-channel cache-miss
159 http fetch GET 200 https://registry.npmjs.org/side-channel 125ms (cache miss)
160 silly packumentCache full:https://registry.npmjs.org/side-channel set size:undefined disposed:false
161 silly placeDep node_modules/http-server side-channel@1.1.0 OK for: qs@6.14.0 want: ^1.1.0
162 silly fetch manifest es-errors@^1.3.0
163 silly packumentCache full:https://registry.npmjs.org/es-errors cache-miss
164 silly fetch manifest object-inspect@^1.13.3
165 silly packumentCache full:https://registry.npmjs.org/object-inspect cache-miss
166 silly fetch manifest side-channel-list@^1.0.0
167 silly packumentCache full:https://registry.npmjs.org/side-channel-list cache-miss
168 silly fetch manifest side-channel-map@^1.0.1
169 silly packumentCache full:https://registry.npmjs.org/side-channel-map cache-miss
170 silly fetch manifest side-channel-weakmap@^1.0.2
171 silly packumentCache full:https://registry.npmjs.org/side-channel-weakmap cache-miss
172 http fetch GET 200 https://registry.npmjs.org/es-errors 221ms (cache miss)
173 silly packumentCache full:https://registry.npmjs.org/es-errors set size:undefined disposed:false
174 http fetch GET 200 https://registry.npmjs.org/side-channel-list 249ms (cache miss)
175 silly packumentCache full:https://registry.npmjs.org/side-channel-list set size:undefined disposed:false
176 http fetch GET 200 https://registry.npmjs.org/side-channel-weakmap 251ms (cache miss)
177 silly packumentCache full:https://registry.npmjs.org/side-channel-weakmap set size:undefined disposed:false
178 http fetch GET 200 https://registry.npmjs.org/side-channel-map 259ms (cache miss)
179 silly packumentCache full:https://registry.npmjs.org/side-channel-map set size:undefined disposed:false
180 http fetch GET 200 https://registry.npmjs.org/object-inspect 277ms (cache miss)
181 silly packumentCache full:https://registry.npmjs.org/object-inspect set size:undefined disposed:false
182 silly placeDep node_modules/http-server es-errors@1.3.0 OK for: side-channel@1.1.0 want: ^1.3.0
183 silly placeDep node_modules/http-server object-inspect@1.13.4 OK for: side-channel@1.1.0 want: ^1.13.3
184 silly placeDep node_modules/http-server side-channel-list@1.0.0 OK for: side-channel@1.1.0 want: ^1.0.0
185 silly placeDep node_modules/http-server side-channel-map@1.0.1 OK for: side-channel@1.1.0 want: ^1.0.1
186 silly placeDep node_modules/http-server side-channel-weakmap@1.0.2 OK for: side-channel@1.1.0 want: ^1.0.2
187 silly fetch manifest call-bound@^1.0.2
188 silly packumentCache full:https://registry.npmjs.org/call-bound cache-miss
189 silly fetch manifest get-intrinsic@^1.2.5
190 silly packumentCache full:https://registry.npmjs.org/get-intrinsic cache-miss
191 silly fetch manifest call-bound@^1.0.2
192 silly packumentCache full:https://registry.npmjs.org/call-bound cache-miss
193 silly fetch manifest get-intrinsic@^1.2.5
194 silly packumentCache full:https://registry.npmjs.org/get-intrinsic cache-miss
195 http fetch GET 200 https://registry.npmjs.org/call-bound 275ms (cache miss)
196 silly packumentCache full:https://registry.npmjs.org/call-bound set size:undefined disposed:false
197 http fetch GET 200 https://registry.npmjs.org/call-bound 282ms (cache miss)
198 silly packumentCache full:https://registry.npmjs.org/call-bound set size:undefined disposed:false
199 http fetch GET 200 https://registry.npmjs.org/get-intrinsic 297ms (cache miss)
200 silly packumentCache full:https://registry.npmjs.org/get-intrinsic set size:undefined disposed:false
201 http fetch GET 200 https://registry.npmjs.org/get-intrinsic 296ms (cache miss)
202 silly packumentCache full:https://registry.npmjs.org/get-intrinsic set size:undefined disposed:false
203 silly placeDep node_modules/http-server call-bound@1.0.4 OK for: side-channel-map@1.0.1 want: ^1.0.2
204 silly placeDep node_modules/http-server get-intrinsic@1.3.0 OK for: side-channel-map@1.0.1 want: ^1.2.5
205 silly fetch manifest call-bind-apply-helpers@^1.0.2
206 silly packumentCache full:https://registry.npmjs.org/call-bind-apply-helpers cache-miss
207 silly fetch manifest get-intrinsic@^1.3.0
208 silly packumentCache full:https://registry.npmjs.org/get-intrinsic cache-miss
209 silly fetch manifest call-bind-apply-helpers@^1.0.2
210 silly packumentCache full:https://registry.npmjs.org/call-bind-apply-helpers cache-miss
211 silly fetch manifest es-define-property@^1.0.1
212 silly packumentCache full:https://registry.npmjs.org/es-define-property cache-miss
213 silly fetch manifest es-object-atoms@^1.1.1
214 silly packumentCache full:https://registry.npmjs.org/es-object-atoms cache-miss
215 silly fetch manifest function-bind@^1.1.2
216 silly packumentCache full:https://registry.npmjs.org/function-bind cache-miss
217 silly fetch manifest get-proto@^1.0.1
218 silly packumentCache full:https://registry.npmjs.org/get-proto cache-miss
219 http cache https://registry.npmjs.org/get-intrinsic 253ms (cache hit)
220 silly packumentCache full:https://registry.npmjs.org/get-intrinsic set size:57687 disposed:false
221 silly fetch manifest gopd@^1.2.0
222 silly packumentCache full:https://registry.npmjs.org/gopd cache-miss
223 http fetch GET 200 https://registry.npmjs.org/get-proto 316ms (cache miss)
224 silly packumentCache full:https://registry.npmjs.org/get-proto set size:undefined disposed:false
225 silly fetch manifest has-symbols@^1.1.0
226 silly packumentCache full:https://registry.npmjs.org/has-symbols cache-miss
227 http fetch GET 200 https://registry.npmjs.org/es-define-property 336ms (cache miss)
228 silly packumentCache full:https://registry.npmjs.org/es-define-property set size:undefined disposed:false
229 silly fetch manifest hasown@^2.0.2
230 silly packumentCache full:https://registry.npmjs.org/hasown cache-miss
231 http fetch GET 200 https://registry.npmjs.org/call-bind-apply-helpers 372ms (cache miss)
232 silly packumentCache full:https://registry.npmjs.org/call-bind-apply-helpers set size:undefined disposed:false
233 silly fetch manifest math-intrinsics@^1.1.0
234 silly packumentCache full:https://registry.npmjs.org/math-intrinsics cache-miss
235 http fetch GET 200 https://registry.npmjs.org/function-bind 387ms (cache miss)
236 silly packumentCache full:https://registry.npmjs.org/function-bind set size:undefined disposed:false
237 http fetch GET 200 https://registry.npmjs.org/es-object-atoms 428ms (cache miss)
238 silly packumentCache full:https://registry.npmjs.org/es-object-atoms set size:undefined disposed:false
239 http fetch GET 200 https://registry.npmjs.org/call-bind-apply-helpers 446ms (cache miss)
240 silly packumentCache full:https://registry.npmjs.org/call-bind-apply-helpers set size:undefined disposed:false
241 http fetch GET 200 https://registry.npmjs.org/gopd 291ms (cache miss)
242 silly packumentCache full:https://registry.npmjs.org/gopd set size:undefined disposed:false
243 http fetch GET 200 https://registry.npmjs.org/hasown 220ms (cache miss)
244 silly packumentCache full:https://registry.npmjs.org/hasown set size:undefined disposed:false
245 http fetch GET 200 https://registry.npmjs.org/has-symbols 237ms (cache miss)
246 silly packumentCache full:https://registry.npmjs.org/has-symbols set size:undefined disposed:false
247 http fetch GET 200 https://registry.npmjs.org/math-intrinsics 212ms (cache miss)
248 silly packumentCache full:https://registry.npmjs.org/math-intrinsics set size:undefined disposed:false
249 silly placeDep node_modules/http-server call-bind-apply-helpers@1.0.2 OK for: call-bound@1.0.4 want: ^1.0.2
250 silly placeDep node_modules/http-server function-bind@1.1.2 OK for: call-bind-apply-helpers@1.0.2 want: ^1.1.2
251 silly placeDep node_modules/http-server es-define-property@1.0.1 OK for: get-intrinsic@1.3.0 want: ^1.0.1
252 silly placeDep node_modules/http-server es-object-atoms@1.1.1 OK for: get-intrinsic@1.3.0 want: ^1.1.1
253 silly placeDep node_modules/http-server get-proto@1.0.1 OK for: get-intrinsic@1.3.0 want: ^1.0.1
254 silly placeDep node_modules/http-server gopd@1.2.0 OK for: get-intrinsic@1.3.0 want: ^1.2.0
255 silly placeDep node_modules/http-server has-symbols@1.1.0 OK for: get-intrinsic@1.3.0 want: ^1.1.0
256 silly placeDep node_modules/http-server hasown@2.0.2 OK for: get-intrinsic@1.3.0 want: ^2.0.2
257 silly placeDep node_modules/http-server math-intrinsics@1.1.0 OK for: get-intrinsic@1.3.0 want: ^1.1.0
258 silly fetch manifest dunder-proto@^1.0.1
259 silly packumentCache full:https://registry.npmjs.org/dunder-proto cache-miss
260 http fetch GET 200 https://registry.npmjs.org/dunder-proto 126ms (cache miss)
261 silly packumentCache full:https://registry.npmjs.org/dunder-proto set size:undefined disposed:false
262 silly placeDep node_modules/http-server dunder-proto@1.0.1 OK for: get-proto@1.0.1 want: ^1.0.1
263 silly placeDep node_modules/http-server iconv-lite@0.6.3 OK for: whatwg-encoding@2.0.0 want: 0.6.3
264 silly fetch manifest safer-buffer@>= 2.1.2 < 3.0.0
265 silly packumentCache full:https://registry.npmjs.org/safer-buffer cache-miss
266 http fetch GET 200 https://registry.npmjs.org/safer-buffer 137ms (cache miss)
267 silly packumentCache full:https://registry.npmjs.org/safer-buffer set size:undefined disposed:false
268 silly placeDep node_modules/http-server safer-buffer@2.1.2 OK for: iconv-lite@0.6.3 want: >= 2.1.2 < 3.0.0
269 silly reify moves {}
270 http cache http-server@https://registry.npmjs.org/http-server/-/http-server-14.1.1.tgz 0ms (cache hit)
271 http cache safer-buffer@https://registry.npmjs.org/safer-buffer/-/safer-buffer-2.1.2.tgz 0ms (cache hit)
272 http cache iconv-lite@https://registry.npmjs.org/iconv-lite/-/iconv-lite-0.6.3.tgz 1ms (cache hit)
273 http cache dunder-proto@https://registry.npmjs.org/dunder-proto/-/dunder-proto-1.0.1.tgz 1ms (cache hit)
274 http cache math-intrinsics@https://registry.npmjs.org/math-intrinsics/-/math-intrinsics-1.1.0.tgz 0ms (cache hit)
275 http cache has-symbols@https://registry.npmjs.org/has-symbols/-/has-symbols-1.1.0.tgz 0ms (cache hit)
276 http cache hasown@https://registry.npmjs.org/hasown/-/hasown-2.0.2.tgz 0ms (cache hit)
277 http cache get-proto@https://registry.npmjs.org/get-proto/-/get-proto-1.0.1.tgz 0ms (cache hit)
278 http cache gopd@https://registry.npmjs.org/gopd/-/gopd-1.2.0.tgz 1ms (cache hit)
279 http cache es-object-atoms@https://registry.npmjs.org/es-object-atoms/-/es-object-atoms-1.1.1.tgz 0ms (cache hit)
280 http cache function-bind@https://registry.npmjs.org/function-bind/-/function-bind-1.1.2.tgz 0ms (cache hit)
281 http cache es-define-property@https://registry.npmjs.org/es-define-property/-/es-define-property-1.0.1.tgz 0ms (cache hit)
282 http cache get-intrinsic@https://registry.npmjs.org/get-intrinsic/-/get-intrinsic-1.3.0.tgz 0ms (cache hit)
283 http cache call-bind-apply-helpers@https://registry.npmjs.org/call-bind-apply-helpers/-/call-bind-apply-helpers-1.0.2.tgz 1ms (cache hit)
284 http cache call-bound@https://registry.npmjs.org/call-bound/-/call-bound-1.0.4.tgz 1ms (cache hit)
285 http cache side-channel-weakmap@https://registry.npmjs.org/side-channel-weakmap/-/side-channel-weakmap-1.0.2.tgz 0ms (cache hit)
286 http cache side-channel-map@https://registry.npmjs.org/side-channel-map/-/side-channel-map-1.0.1.tgz 0ms (cache hit)
287 http cache side-channel-list@https://registry.npmjs.org/side-channel-list/-/side-channel-list-1.0.0.tgz 0ms (cache hit)
288 http cache es-errors@https://registry.npmjs.org/es-errors/-/es-errors-1.3.0.tgz 1ms (cache hit)
289 http cache object-inspect@https://registry.npmjs.org/object-inspect/-/object-inspect-1.13.4.tgz 0ms (cache hit)
290 http cache side-channel@https://registry.npmjs.org/side-channel/-/side-channel-1.1.0.tgz 0ms (cache hit)
291 http cache qs@https://registry.npmjs.org/qs/-/qs-6.14.0.tgz 0ms (cache hit)
292 http cache has-flag@https://registry.npmjs.org/has-flag/-/has-flag-4.0.0.tgz 0ms (cache hit)
293 http cache ms@https://registry.npmjs.org/ms/-/ms-2.1.3.tgz 0ms (cache hit)
294 http cache async@https://registry.npmjs.org/async/-/async-3.2.6.tgz 0ms (cache hit)
295 http cache debug@https://registry.npmjs.org/debug/-/debug-4.4.1.tgz 0ms (cache hit)
296 http cache requires-port@https://registry.npmjs.org/requires-port/-/requires-port-1.0.0.tgz 0ms (cache hit)
297 http cache follow-redirects@https://registry.npmjs.org/follow-redirects/-/follow-redirects-1.15.11.tgz 0ms (cache hit)
298 http cache eventemitter3@https://registry.npmjs.org/eventemitter3/-/eventemitter3-4.0.7.tgz 0ms (cache hit)
299 http cache whatwg-encoding@https://registry.npmjs.org/whatwg-encoding/-/whatwg-encoding-2.0.0.tgz 0ms (cache hit)
300 http cache color-convert@https://registry.npmjs.org/color-convert/-/color-convert-2.0.1.tgz 0ms (cache hit)
301 http cache color-name@https://registry.npmjs.org/color-name/-/color-name-1.1.4.tgz 0ms (cache hit)
302 http cache supports-color@https://registry.npmjs.org/supports-color/-/supports-color-7.2.0.tgz 0ms (cache hit)
303 http cache ansi-styles@https://registry.npmjs.org/ansi-styles/-/ansi-styles-4.3.0.tgz 0ms (cache hit)
304 http cache safe-buffer@https://registry.npmjs.org/safe-buffer/-/safe-buffer-5.1.2.tgz 0ms (cache hit)
305 http cache url-join@https://registry.npmjs.org/url-join/-/url-join-4.0.1.tgz 0ms (cache hit)
306 http cache union@https://registry.npmjs.org/union/-/union-0.5.0.tgz 0ms (cache hit)
307 http cache secure-compare@https://registry.npmjs.org/secure-compare/-/secure-compare-3.0.1.tgz 0ms (cache hit)
308 http cache opener@https://registry.npmjs.org/opener/-/opener-1.5.2.tgz 0ms (cache hit)
309 http cache portfinder@https://registry.npmjs.org/portfinder/-/portfinder-1.0.38.tgz 0ms (cache hit)
310 http cache minimist@https://registry.npmjs.org/minimist/-/minimist-1.2.8.tgz 0ms (cache hit)
311 http cache mime@https://registry.npmjs.org/mime/-/mime-1.6.0.tgz 1ms (cache hit)
312 http cache http-proxy@https://registry.npmjs.org/http-proxy/-/http-proxy-1.18.1.tgz 0ms (cache hit)
313 http cache html-encoding-sniffer@https://registry.npmjs.org/html-encoding-sniffer/-/html-encoding-sniffer-3.0.0.tgz 0ms (cache hit)
314 http cache corser@https://registry.npmjs.org/corser/-/corser-2.0.1.tgz 0ms (cache hit)
315 http cache he@https://registry.npmjs.org/he/-/he-1.2.0.tgz 0ms (cache hit)
316 http cache basic-auth@https://registry.npmjs.org/basic-auth/-/basic-auth-2.0.1.tgz 0ms (cache hit)
317 http cache chalk@https://registry.npmjs.org/chalk/-/chalk-4.1.2.tgz 0ms (cache hit)
318 silly tarball no local data for http-server@https://registry.npmjs.org/http-server/-/http-server-14.1.1.tgz. Extracting by manifest.
319 silly tarball no local data for safer-buffer@https://registry.npmjs.org/safer-buffer/-/safer-buffer-2.1.2.tgz. Extracting by manifest.
320 silly tarball no local data for iconv-lite@https://registry.npmjs.org/iconv-lite/-/iconv-lite-0.6.3.tgz. Extracting by manifest.
321 silly tarball no local data for dunder-proto@https://registry.npmjs.org/dunder-proto/-/dunder-proto-1.0.1.tgz. Extracting by manifest.
322 silly tarball no local data for math-intrinsics@https://registry.npmjs.org/math-intrinsics/-/math-intrinsics-1.1.0.tgz. Extracting by manifest.
323 silly tarball no local data for has-symbols@https://registry.npmjs.org/has-symbols/-/has-symbols-1.1.0.tgz. Extracting by manifest.
324 silly tarball no local data for hasown@https://registry.npmjs.org/hasown/-/hasown-2.0.2.tgz. Extracting by manifest.
325 silly tarball no local data for get-proto@https://registry.npmjs.org/get-proto/-/get-proto-1.0.1.tgz. Extracting by manifest.
326 silly tarball no local data for gopd@https://registry.npmjs.org/gopd/-/gopd-1.2.0.tgz. Extracting by manifest.
327 silly tarball no local data for es-object-atoms@https://registry.npmjs.org/es-object-atoms/-/es-object-atoms-1.1.1.tgz. Extracting by manifest.
328 silly tarball no local data for function-bind@https://registry.npmjs.org/function-bind/-/function-bind-1.1.2.tgz. Extracting by manifest.
329 silly tarball no local data for es-define-property@https://registry.npmjs.org/es-define-property/-/es-define-property-1.0.1.tgz. Extracting by manifest.
330 silly tarball no local data for get-intrinsic@https://registry.npmjs.org/get-intrinsic/-/get-intrinsic-1.3.0.tgz. Extracting by manifest.
331 silly tarball no local data for call-bind-apply-helpers@https://registry.npmjs.org/call-bind-apply-helpers/-/call-bind-apply-helpers-1.0.2.tgz. Extracting by manifest.
332 silly tarball no local data for call-bound@https://registry.npmjs.org/call-bound/-/call-bound-1.0.4.tgz. Extracting by manifest.
333 silly tarball no local data for side-channel-weakmap@https://registry.npmjs.org/side-channel-weakmap/-/side-channel-weakmap-1.0.2.tgz. Extracting by manifest.
334 silly tarball no local data for side-channel-map@https://registry.npmjs.org/side-channel-map/-/side-channel-map-1.0.1.tgz. Extracting by manifest.
335 silly tarball no local data for side-channel-list@https://registry.npmjs.org/side-channel-list/-/side-channel-list-1.0.0.tgz. Extracting by manifest.
336 silly tarball no local data for es-errors@https://registry.npmjs.org/es-errors/-/es-errors-1.3.0.tgz. Extracting by manifest.
337 silly tarball no local data for object-inspect@https://registry.npmjs.org/object-inspect/-/object-inspect-1.13.4.tgz. Extracting by manifest.
338 silly tarball no local data for side-channel@https://registry.npmjs.org/side-channel/-/side-channel-1.1.0.tgz. Extracting by manifest.
339 silly tarball no local data for qs@https://registry.npmjs.org/qs/-/qs-6.14.0.tgz. Extracting by manifest.
340 silly tarball no local data for has-flag@https://registry.npmjs.org/has-flag/-/has-flag-4.0.0.tgz. Extracting by manifest.
341 silly tarball no local data for ms@https://registry.npmjs.org/ms/-/ms-2.1.3.tgz. Extracting by manifest.
342 silly tarball no local data for async@https://registry.npmjs.org/async/-/async-3.2.6.tgz. Extracting by manifest.
343 silly tarball no local data for debug@https://registry.npmjs.org/debug/-/debug-4.4.1.tgz. Extracting by manifest.
344 silly tarball no local data for requires-port@https://registry.npmjs.org/requires-port/-/requires-port-1.0.0.tgz. Extracting by manifest.
345 silly tarball no local data for follow-redirects@https://registry.npmjs.org/follow-redirects/-/follow-redirects-1.15.11.tgz. Extracting by manifest.
346 silly tarball no local data for eventemitter3@https://registry.npmjs.org/eventemitter3/-/eventemitter3-4.0.7.tgz. Extracting by manifest.
347 silly tarball no local data for whatwg-encoding@https://registry.npmjs.org/whatwg-encoding/-/whatwg-encoding-2.0.0.tgz. Extracting by manifest.
348 silly tarball no local data for color-convert@https://registry.npmjs.org/color-convert/-/color-convert-2.0.1.tgz. Extracting by manifest.
349 silly tarball no local data for color-name@https://registry.npmjs.org/color-name/-/color-name-1.1.4.tgz. Extracting by manifest.
350 silly tarball no local data for supports-color@https://registry.npmjs.org/supports-color/-/supports-color-7.2.0.tgz. Extracting by manifest.
351 silly tarball no local data for ansi-styles@https://registry.npmjs.org/ansi-styles/-/ansi-styles-4.3.0.tgz. Extracting by manifest.
352 silly tarball no local data for safe-buffer@https://registry.npmjs.org/safe-buffer/-/safe-buffer-5.1.2.tgz. Extracting by manifest.
353 silly tarball no local data for url-join@https://registry.npmjs.org/url-join/-/url-join-4.0.1.tgz. Extracting by manifest.
354 silly tarball no local data for union@https://registry.npmjs.org/union/-/union-0.5.0.tgz. Extracting by manifest.
355 silly tarball no local data for secure-compare@https://registry.npmjs.org/secure-compare/-/secure-compare-3.0.1.tgz. Extracting by manifest.
356 silly tarball no local data for opener@https://registry.npmjs.org/opener/-/opener-1.5.2.tgz. Extracting by manifest.
357 silly tarball no local data for portfinder@https://registry.npmjs.org/portfinder/-/portfinder-1.0.38.tgz. Extracting by manifest.
358 silly tarball no local data for minimist@https://registry.npmjs.org/minimist/-/minimist-1.2.8.tgz. Extracting by manifest.
359 silly tarball no local data for mime@https://registry.npmjs.org/mime/-/mime-1.6.0.tgz. Extracting by manifest.
360 silly tarball no local data for http-proxy@https://registry.npmjs.org/http-proxy/-/http-proxy-1.18.1.tgz. Extracting by manifest.
361 silly tarball no local data for html-encoding-sniffer@https://registry.npmjs.org/html-encoding-sniffer/-/html-encoding-sniffer-3.0.0.tgz. Extracting by manifest.
362 silly tarball no local data for corser@https://registry.npmjs.org/corser/-/corser-2.0.1.tgz. Extracting by manifest.
363 silly tarball no local data for he@https://registry.npmjs.org/he/-/he-1.2.0.tgz. Extracting by manifest.
364 silly tarball no local data for basic-auth@https://registry.npmjs.org/basic-auth/-/basic-auth-2.0.1.tgz. Extracting by manifest.
365 silly tarball no local data for chalk@https://registry.npmjs.org/chalk/-/chalk-4.1.2.tgz. Extracting by manifest.
366 http fetch GET 200 https://registry.npmjs.org/has-symbols/-/has-symbols-1.1.0.tgz 2869ms (cache miss)
367 http fetch GET 200 https://registry.npmjs.org/side-channel-list/-/side-channel-list-1.0.0.tgz 2833ms (cache miss)
368 http fetch GET 200 https://registry.npmjs.org/dunder-proto/-/dunder-proto-1.0.1.tgz 2953ms (cache miss)
369 http fetch GET 200 https://registry.npmjs.org/safer-buffer/-/safer-buffer-2.1.2.tgz 3030ms (cache miss)
370 http fetch GET 200 https://registry.npmjs.org/side-channel-weakmap/-/side-channel-weakmap-1.0.2.tgz 2979ms (cache miss)
371 http fetch GET 200 https://registry.npmjs.org/side-channel-map/-/side-channel-map-1.0.1.tgz 2974ms (cache miss)
372 http fetch GET 200 https://registry.npmjs.org/hasown/-/hasown-2.0.2.tgz 3070ms (cache miss)
373 http fetch GET 200 https://registry.npmjs.org/requires-port/-/requires-port-1.0.0.tgz 3009ms (cache miss)
374 http fetch GET 200 https://registry.npmjs.org/ms/-/ms-2.1.3.tgz 3136ms (cache miss)
375 http fetch GET 200 https://registry.npmjs.org/side-channel/-/side-channel-1.1.0.tgz 3196ms (cache miss)
376 http fetch GET 200 https://registry.npmjs.org/color-name/-/color-name-1.1.4.tgz 3168ms (cache miss)
377 http fetch GET 200 https://registry.npmjs.org/has-flag/-/has-flag-4.0.0.tgz 3252ms (cache miss)
378 http fetch GET 200 https://registry.npmjs.org/eventemitter3/-/eventemitter3-4.0.7.tgz 3238ms (cache miss)
379 http fetch GET 200 https://registry.npmjs.org/secure-compare/-/secure-compare-3.0.1.tgz 3210ms (cache miss)
380 http fetch GET 200 https://registry.npmjs.org/supports-color/-/supports-color-7.2.0.tgz 3233ms (cache miss)
381 http fetch GET 200 https://registry.npmjs.org/corser/-/corser-2.0.1.tgz 3222ms (cache miss)
382 http fetch GET 200 https://registry.npmjs.org/debug/-/debug-4.4.1.tgz 3307ms (cache miss)
383 http fetch GET 200 https://registry.npmjs.org/color-convert/-/color-convert-2.0.1.tgz 3294ms (cache miss)
384 http fetch GET 200 https://registry.npmjs.org/whatwg-encoding/-/whatwg-encoding-2.0.0.tgz 3300ms (cache miss)
385 http fetch GET 200 https://registry.npmjs.org/minimist/-/minimist-1.2.8.tgz 3270ms (cache miss)
386 http fetch GET 200 https://registry.npmjs.org/follow-redirects/-/follow-redirects-1.15.11.tgz 3359ms (cache miss)
387 http fetch GET 200 https://registry.npmjs.org/ansi-styles/-/ansi-styles-4.3.0.tgz 3345ms (cache miss)
388 http fetch GET 200 https://registry.npmjs.org/url-join/-/url-join-4.0.1.tgz 3343ms (cache miss)
389 http fetch GET 200 https://registry.npmjs.org/portfinder/-/portfinder-1.0.38.tgz 3367ms (cache miss)
390 http fetch GET 200 https://registry.npmjs.org/mime/-/mime-1.6.0.tgz 3363ms (cache miss)
391 http fetch GET 200 https://registry.npmjs.org/opener/-/opener-1.5.2.tgz 3384ms (cache miss)
392 http fetch GET 200 https://registry.npmjs.org/gopd/-/gopd-1.2.0.tgz 3523ms (cache miss)
393 http fetch GET 200 https://registry.npmjs.org/safe-buffer/-/safe-buffer-5.1.2.tgz 3428ms (cache miss)
394 http fetch GET 200 https://registry.npmjs.org/chalk/-/chalk-4.1.2.tgz 3400ms (cache miss)
395 http fetch GET 200 https://registry.npmjs.org/es-errors/-/es-errors-1.3.0.tgz 3513ms (cache miss)
396 http fetch GET 200 https://registry.npmjs.org/get-proto/-/get-proto-1.0.1.tgz 3567ms (cache miss)
397 http fetch GET 200 https://registry.npmjs.org/html-encoding-sniffer/-/html-encoding-sniffer-3.0.0.tgz 3448ms (cache miss)
398 http fetch GET 200 https://registry.npmjs.org/es-define-property/-/es-define-property-1.0.1.tgz 3588ms (cache miss)
399 http fetch GET 200 https://registry.npmjs.org/he/-/he-1.2.0.tgz 3475ms (cache miss)
400 http fetch GET 200 https://registry.npmjs.org/es-object-atoms/-/es-object-atoms-1.1.1.tgz 3632ms (cache miss)
401 http fetch GET 200 https://registry.npmjs.org/basic-auth/-/basic-auth-2.0.1.tgz 3499ms (cache miss)
402 http fetch GET 200 https://registry.npmjs.org/call-bound/-/call-bound-1.0.4.tgz 3776ms (cache miss)
403 http fetch GET 200 https://registry.npmjs.org/get-intrinsic/-/get-intrinsic-1.3.0.tgz 3810ms (cache miss)
404 http fetch GET 200 https://registry.npmjs.org/function-bind/-/function-bind-1.1.2.tgz 3845ms (cache miss)
405 http fetch GET 200 https://registry.npmjs.org/math-intrinsics/-/math-intrinsics-1.1.0.tgz 3875ms (cache miss)
406 http fetch GET 200 https://registry.npmjs.org/call-bind-apply-helpers/-/call-bind-apply-helpers-1.0.2.tgz 3850ms (cache miss)
407 http fetch GET 200 https://registry.npmjs.org/http-proxy/-/http-proxy-1.18.1.tgz 3792ms (cache miss)
408 http fetch GET 200 https://registry.npmjs.org/object-inspect/-/object-inspect-1.13.4.tgz 3912ms (cache miss)
409 http fetch GET 200 https://registry.npmjs.org/http-server/-/http-server-14.1.1.tgz 4058ms (cache miss)
410 http fetch GET 200 https://registry.npmjs.org/qs/-/qs-6.14.0.tgz 3974ms (cache miss)
411 http fetch GET 200 https://registry.npmjs.org/union/-/union-0.5.0.tgz 3980ms (cache miss)
412 http fetch GET 200 https://registry.npmjs.org/iconv-lite/-/iconv-lite-0.6.3.tgz 4192ms (cache miss)
413 http fetch GET 200 https://registry.npmjs.org/async/-/async-3.2.6.tgz 4529ms (cache miss)
414 silly ADD node_modules/http-server
415 silly ADD node_modules/http-server/node_modules/safer-buffer
416 silly ADD node_modules/http-server/node_modules/iconv-lite
417 silly ADD node_modules/http-server/node_modules/dunder-proto
418 silly ADD node_modules/http-server/node_modules/math-intrinsics
419 silly ADD node_modules/http-server/node_modules/hasown
420 silly ADD node_modules/http-server/node_modules/has-symbols
421 silly ADD node_modules/http-server/node_modules/gopd
422 silly ADD node_modules/http-server/node_modules/get-proto
423 silly ADD node_modules/http-server/node_modules/es-object-atoms
424 silly ADD node_modules/http-server/node_modules/es-define-property
425 silly ADD node_modules/http-server/node_modules/function-bind
426 silly ADD node_modules/http-server/node_modules/call-bind-apply-helpers
427 silly ADD node_modules/http-server/node_modules/get-intrinsic
428 silly ADD node_modules/http-server/node_modules/call-bound
429 silly ADD node_modules/http-server/node_modules/side-channel-weakmap
430 silly ADD node_modules/http-server/node_modules/side-channel-map
431 silly ADD node_modules/http-server/node_modules/side-channel-list
432 silly ADD node_modules/http-server/node_modules/object-inspect
433 silly ADD node_modules/http-server/node_modules/es-errors
434 silly ADD node_modules/http-server/node_modules/side-channel
435 silly ADD node_modules/http-server/node_modules/qs
436 silly ADD node_modules/http-server/node_modules/has-flag
437 silly ADD node_modules/http-server/node_modules/ms
438 silly ADD node_modules/http-server/node_modules/debug
439 silly ADD node_modules/http-server/node_modules/async
440 silly ADD node_modules/http-server/node_modules/requires-port
441 silly ADD node_modules/http-server/node_modules/follow-redirects
442 silly ADD node_modules/http-server/node_modules/eventemitter3
443 silly ADD node_modules/http-server/node_modules/whatwg-encoding
444 silly ADD node_modules/http-server/node_modules/color-name
445 silly ADD node_modules/http-server/node_modules/color-convert
446 silly ADD node_modules/http-server/node_modules/supports-color
447 silly ADD node_modules/http-server/node_modules/ansi-styles
448 silly ADD node_modules/http-server/node_modules/safe-buffer
449 silly ADD node_modules/http-server/node_modules/url-join
450 silly ADD node_modules/http-server/node_modules/union
451 silly ADD node_modules/http-server/node_modules/secure-compare
452 silly ADD node_modules/http-server/node_modules/portfinder
453 silly ADD node_modules/http-server/node_modules/opener
454 silly ADD node_modules/http-server/node_modules/minimist
455 silly ADD node_modules/http-server/node_modules/mime
456 silly ADD node_modules/http-server/node_modules/http-proxy
457 silly ADD node_modules/http-server/node_modules/html-encoding-sniffer
458 silly ADD node_modules/http-server/node_modules/he
459 silly ADD node_modules/http-server/node_modules/corser
460 silly ADD node_modules/http-server/node_modules/chalk
461 silly ADD node_modules/http-server/node_modules/basic-auth
462 verbose cwd /root
463 verbose os Linux 6.2.1-PRoot-Distro
464 verbose node v22.16.0
465 verbose npm  v11.3.0
466 verbose exit 0
467 info ok
