0 verbose cli /usr/bin/node /usr/bin/npm
1 info using npm@11.3.0
2 info using node@v22.16.0
3 silly config load:file:/usr/lib/node_modules/npm/npmrc
4 silly config load:file:/home/user-lookup/.npmrc
5 silly config load:file:/home/.npmrc
6 silly config load:file:/etc/npmrc
7 verbose title npm i
8 verbose argv "i"
9 verbose logfile logs-max:10 dir:/home/.npm/_logs/2025-09-14T21_10_37_943Z-
10 verbose logfile /home/.npm/_logs/2025-09-14T21_10_37_943Z-debug-0.log
11 silly logfile start cleaning logs, removing 1 files
12 silly packumentCache heap:478674944 maxSize:119668736 maxEntrySize:59834368
13 silly logfile done cleaning log files
14 silly idealTree buildDeps
15 silly reify moves {}
16 silly audit bulk request {
16 silly audit   accepts: [ '1.3.8' ],
16 silly audit   'array-flatten': [ '1.1.1' ],
16 silly audit   'body-parser': [ '1.20.2' ],
16 silly audit   bytes: [ '3.1.2' ],
16 silly audit   'call-bind': [ '1.0.7' ],
16 silly audit   'content-disposition': [ '0.5.4' ],
16 silly audit   'content-type': [ '1.0.5' ],
16 silly audit   cookie: [ '0.6.0' ],
16 silly audit   'cookie-signature': [ '1.0.6' ],
16 silly audit   debug: [ '2.6.9' ],
16 silly audit   'define-data-property': [ '1.1.4' ],
16 silly audit   depd: [ '2.0.0' ],
16 silly audit   destroy: [ '1.2.0' ],
16 silly audit   'ee-first': [ '1.1.1' ],
16 silly audit   encodeurl: [ '1.0.2' ],
16 silly audit   'es-define-property': [ '1.0.0' ],
16 silly audit   'es-errors': [ '1.3.0' ],
16 silly audit   'escape-html': [ '1.0.3' ],
16 silly audit   etag: [ '1.8.1' ],
16 silly audit   express: [ '4.19.2' ],
16 silly audit   finalhandler: [ '1.2.0' ],
16 silly audit   forwarded: [ '0.2.0' ],
16 silly audit   fresh: [ '0.5.2' ],
16 silly audit   'function-bind': [ '1.1.2' ],
16 silly audit   'get-intrinsic': [ '1.2.4' ],
16 silly audit   gopd: [ '1.0.1' ],
16 silly audit   'has-property-descriptors': [ '1.0.2' ],
16 silly audit   'has-proto': [ '1.0.3' ],
16 silly audit   'has-symbols': [ '1.0.3' ],
16 silly audit   hasown: [ '2.0.2' ],
16 silly audit   'http-errors': [ '2.0.0' ],
16 silly audit   'iconv-lite': [ '0.4.24' ],
16 silly audit   inherits: [ '2.0.4' ],
16 silly audit   'ipaddr.js': [ '1.9.1' ],
16 silly audit   'media-typer': [ '0.3.0' ],
16 silly audit   'merge-descriptors': [ '1.0.1' ],
16 silly audit   methods: [ '1.1.2' ],
16 silly audit   mime: [ '1.6.0' ],
16 silly audit   'mime-db': [ '1.52.0' ],
16 silly audit   'mime-types': [ '2.1.35' ],
16 silly audit   ms: [ '2.0.0', '2.1.3' ],
16 silly audit   negotiator: [ '0.6.3' ],
16 silly audit   'node-fetch': [ '2.7.0' ],
16 silly audit   'object-inspect': [ '1.13.1' ],
16 silly audit   'on-finished': [ '2.4.1' ],
16 silly audit   parseurl: [ '1.3.3' ],
16 silly audit   'path-to-regexp': [ '0.1.7' ],
16 silly audit   'proxy-addr': [ '2.0.7' ],
16 silly audit   qs: [ '6.11.0' ],
16 silly audit   'range-parser': [ '1.2.1' ],
16 silly audit   'raw-body': [ '2.5.2' ],
16 silly audit   'safe-buffer': [ '5.2.1' ],
16 silly audit   'safer-buffer': [ '2.1.2' ],
16 silly audit   send: [ '0.18.0' ],
16 silly audit   'serve-static': [ '1.15.0' ],
16 silly audit   'set-function-length': [ '1.2.2' ],
16 silly audit   setprototypeof: [ '1.2.0' ],
16 silly audit   'side-channel': [ '1.0.6' ],
16 silly audit   statuses: [ '2.0.1' ],
16 silly audit   toidentifier: [ '1.0.1' ],
16 silly audit   tr46: [ '0.0.3' ],
16 silly audit   'type-is': [ '1.6.18' ],
16 silly audit   unpipe: [ '1.0.0' ],
16 silly audit   'utils-merge': [ '1.0.1' ],
16 silly audit   vary: [ '1.1.2' ],
16 silly audit   'webidl-conversions': [ '3.0.1' ],
16 silly audit   'whatwg-url': [ '5.0.0' ]
16 silly audit }
17 http cache whatwg-url@https://registry.npmjs.org/whatwg-url/-/whatwg-url-5.0.0.tgz 5ms (cache hit)
18 http cache webidl-conversions@https://registry.npmjs.org/webidl-conversions/-/webidl-conversions-3.0.1.tgz 1ms (cache hit)
19 http cache vary@https://registry.npmjs.org/vary/-/vary-1.1.2.tgz 1ms (cache hit)
20 http cache utils-merge@https://registry.npmjs.org/utils-merge/-/utils-merge-1.0.1.tgz 0ms (cache hit)
21 http cache unpipe@https://registry.npmjs.org/unpipe/-/unpipe-1.0.0.tgz 1ms (cache hit)
22 http cache type-is@https://registry.npmjs.org/type-is/-/type-is-1.6.18.tgz 0ms (cache hit)
23 http cache toidentifier@https://registry.npmjs.org/toidentifier/-/toidentifier-1.0.1.tgz 0ms (cache hit)
24 http cache tr46@https://registry.npmjs.org/tr46/-/tr46-0.0.3.tgz 0ms (cache hit)
25 http cache statuses@https://registry.npmjs.org/statuses/-/statuses-2.0.1.tgz 1ms (cache hit)
26 http cache side-channel@https://registry.npmjs.org/side-channel/-/side-channel-1.0.6.tgz 0ms (cache hit)
27 http cache setprototypeof@https://registry.npmjs.org/setprototypeof/-/setprototypeof-1.2.0.tgz 1ms (cache hit)
28 http cache set-function-length@https://registry.npmjs.org/set-function-length/-/set-function-length-1.2.2.tgz 0ms (cache hit)
29 http cache serve-static@https://registry.npmjs.org/serve-static/-/serve-static-1.15.0.tgz 0ms (cache hit)
30 http cache send@https://registry.npmjs.org/send/-/send-0.18.0.tgz 0ms (cache hit)
31 http cache safer-buffer@https://registry.npmjs.org/safer-buffer/-/safer-buffer-2.1.2.tgz 2ms (cache hit)
32 http cache safe-buffer@https://registry.npmjs.org/safe-buffer/-/safe-buffer-5.2.1.tgz 0ms (cache hit)
33 http cache raw-body@https://registry.npmjs.org/raw-body/-/raw-body-2.5.2.tgz 1ms (cache hit)
34 http cache range-parser@https://registry.npmjs.org/range-parser/-/range-parser-1.2.1.tgz 0ms (cache hit)
35 http cache qs@https://registry.npmjs.org/qs/-/qs-6.11.0.tgz 1ms (cache hit)
36 http cache proxy-addr@https://registry.npmjs.org/proxy-addr/-/proxy-addr-2.0.7.tgz 0ms (cache hit)
37 http cache path-to-regexp@https://registry.npmjs.org/path-to-regexp/-/path-to-regexp-0.1.7.tgz 0ms (cache hit)
38 http cache parseurl@https://registry.npmjs.org/parseurl/-/parseurl-1.3.3.tgz 1ms (cache hit)
39 http cache on-finished@https://registry.npmjs.org/on-finished/-/on-finished-2.4.1.tgz 0ms (cache hit)
40 http cache object-inspect@https://registry.npmjs.org/object-inspect/-/object-inspect-1.13.1.tgz 0ms (cache hit)
41 http cache node-fetch@https://registry.npmjs.org/node-fetch/-/node-fetch-2.7.0.tgz 0ms (cache hit)
42 http cache negotiator@https://registry.npmjs.org/negotiator/-/negotiator-0.6.3.tgz 0ms (cache hit)
43 http cache ms@https://registry.npmjs.org/ms/-/ms-2.0.0.tgz 0ms (cache hit)
44 http cache mime-types@https://registry.npmjs.org/mime-types/-/mime-types-2.1.35.tgz 1ms (cache hit)
45 http cache mime-db@https://registry.npmjs.org/mime-db/-/mime-db-1.52.0.tgz 0ms (cache hit)
46 http cache mime@https://registry.npmjs.org/mime/-/mime-1.6.0.tgz 0ms (cache hit)
47 http cache methods@https://registry.npmjs.org/methods/-/methods-1.1.2.tgz 0ms (cache hit)
48 http cache merge-descriptors@https://registry.npmjs.org/merge-descriptors/-/merge-descriptors-1.0.1.tgz 0ms (cache hit)
49 http cache media-typer@https://registry.npmjs.org/media-typer/-/media-typer-0.3.0.tgz 0ms (cache hit)
50 http cache ipaddr.js@https://registry.npmjs.org/ipaddr.js/-/ipaddr.js-1.9.1.tgz 0ms (cache hit)
51 http cache inherits@https://registry.npmjs.org/inherits/-/inherits-2.0.4.tgz 0ms (cache hit)
52 http cache iconv-lite@https://registry.npmjs.org/iconv-lite/-/iconv-lite-0.4.24.tgz 1ms (cache hit)
53 http cache http-errors@https://registry.npmjs.org/http-errors/-/http-errors-2.0.0.tgz 0ms (cache hit)
54 http cache hasown@https://registry.npmjs.org/hasown/-/hasown-2.0.2.tgz 0ms (cache hit)
55 http cache has-symbols@https://registry.npmjs.org/has-symbols/-/has-symbols-1.0.3.tgz 1ms (cache hit)
56 http cache has-proto@https://registry.npmjs.org/has-proto/-/has-proto-1.0.3.tgz 0ms (cache hit)
57 http cache has-property-descriptors@https://registry.npmjs.org/has-property-descriptors/-/has-property-descriptors-1.0.2.tgz 0ms (cache hit)
58 http cache gopd@https://registry.npmjs.org/gopd/-/gopd-1.0.1.tgz 1ms (cache hit)
59 http cache get-intrinsic@https://registry.npmjs.org/get-intrinsic/-/get-intrinsic-1.2.4.tgz 0ms (cache hit)
60 http cache function-bind@https://registry.npmjs.org/function-bind/-/function-bind-1.1.2.tgz 0ms (cache hit)
61 http cache fresh@https://registry.npmjs.org/fresh/-/fresh-0.5.2.tgz 2ms (cache hit)
62 http cache forwarded@https://registry.npmjs.org/forwarded/-/forwarded-0.2.0.tgz 1ms (cache hit)
63 http cache finalhandler@https://registry.npmjs.org/finalhandler/-/finalhandler-1.2.0.tgz 0ms (cache hit)
64 http cache express@https://registry.npmjs.org/express/-/express-4.19.2.tgz 0ms (cache hit)
65 http cache etag@https://registry.npmjs.org/etag/-/etag-1.8.1.tgz 0ms (cache hit)
66 http cache escape-html@https://registry.npmjs.org/escape-html/-/escape-html-1.0.3.tgz 0ms (cache hit)
67 http cache es-errors@https://registry.npmjs.org/es-errors/-/es-errors-1.3.0.tgz 0ms (cache hit)
68 http cache es-define-property@https://registry.npmjs.org/es-define-property/-/es-define-property-1.0.0.tgz 0ms (cache hit)
69 http cache ee-first@https://registry.npmjs.org/ee-first/-/ee-first-1.1.1.tgz 1ms (cache hit)
70 http cache encodeurl@https://registry.npmjs.org/encodeurl/-/encodeurl-1.0.2.tgz 0ms (cache hit)
71 http cache destroy@https://registry.npmjs.org/destroy/-/destroy-1.2.0.tgz 0ms (cache hit)
72 http cache depd@https://registry.npmjs.org/depd/-/depd-2.0.0.tgz 0ms (cache hit)
73 http cache define-data-property@https://registry.npmjs.org/define-data-property/-/define-data-property-1.1.4.tgz 0ms (cache hit)
74 http cache debug@https://registry.npmjs.org/debug/-/debug-2.6.9.tgz 0ms (cache hit)
75 http cache cookie-signature@https://registry.npmjs.org/cookie-signature/-/cookie-signature-1.0.6.tgz 0ms (cache hit)
76 http cache content-type@https://registry.npmjs.org/content-type/-/content-type-1.0.5.tgz 1ms (cache hit)
77 http cache cookie@https://registry.npmjs.org/cookie/-/cookie-0.6.0.tgz 0ms (cache hit)
78 http cache content-disposition@https://registry.npmjs.org/content-disposition/-/content-disposition-0.5.4.tgz 0ms (cache hit)
79 http cache call-bind@https://registry.npmjs.org/call-bind/-/call-bind-1.0.7.tgz 0ms (cache hit)
80 http cache bytes@https://registry.npmjs.org/bytes/-/bytes-3.1.2.tgz 1ms (cache hit)
81 http cache array-flatten@https://registry.npmjs.org/array-flatten/-/array-flatten-1.1.1.tgz 0ms (cache hit)
82 http cache body-parser@https://registry.npmjs.org/body-parser/-/body-parser-1.20.2.tgz 0ms (cache hit)
83 http cache accepts@https://registry.npmjs.org/accepts/-/accepts-1.3.8.tgz 0ms (cache hit)
84 http cache ms@https://registry.npmjs.org/ms/-/ms-2.1.3.tgz 0ms (cache hit)
85 silly tarball no local data for vary@https://registry.npmjs.org/vary/-/vary-1.1.2.tgz. Extracting by manifest.
86 silly tarball no local data for utils-merge@https://registry.npmjs.org/utils-merge/-/utils-merge-1.0.1.tgz. Extracting by manifest.
87 silly tarball no local data for unpipe@https://registry.npmjs.org/unpipe/-/unpipe-1.0.0.tgz. Extracting by manifest.
88 silly tarball no local data for type-is@https://registry.npmjs.org/type-is/-/type-is-1.6.18.tgz. Extracting by manifest.
89 silly tarball no local data for side-channel@https://registry.npmjs.org/side-channel/-/side-channel-1.0.6.tgz. Extracting by manifest.
90 silly tarball no local data for set-function-length@https://registry.npmjs.org/set-function-length/-/set-function-length-1.2.2.tgz. Extracting by manifest.
91 silly tarball no local data for serve-static@https://registry.npmjs.org/serve-static/-/serve-static-1.15.0.tgz. Extracting by manifest.
92 silly tarball no local data for send@https://registry.npmjs.org/send/-/send-0.18.0.tgz. Extracting by manifest.
93 silly tarball no local data for raw-body@https://registry.npmjs.org/raw-body/-/raw-body-2.5.2.tgz. Extracting by manifest.
94 silly tarball no local data for range-parser@https://registry.npmjs.org/range-parser/-/range-parser-1.2.1.tgz. Extracting by manifest.
95 silly tarball no local data for qs@https://registry.npmjs.org/qs/-/qs-6.11.0.tgz. Extracting by manifest.
96 silly tarball no local data for proxy-addr@https://registry.npmjs.org/proxy-addr/-/proxy-addr-2.0.7.tgz. Extracting by manifest.
97 silly tarball no local data for path-to-regexp@https://registry.npmjs.org/path-to-regexp/-/path-to-regexp-0.1.7.tgz. Extracting by manifest.
98 silly tarball no local data for parseurl@https://registry.npmjs.org/parseurl/-/parseurl-1.3.3.tgz. Extracting by manifest.
99 silly tarball no local data for on-finished@https://registry.npmjs.org/on-finished/-/on-finished-2.4.1.tgz. Extracting by manifest.
100 silly tarball no local data for object-inspect@https://registry.npmjs.org/object-inspect/-/object-inspect-1.13.1.tgz. Extracting by manifest.
101 silly tarball no local data for negotiator@https://registry.npmjs.org/negotiator/-/negotiator-0.6.3.tgz. Extracting by manifest.
102 silly tarball no local data for ms@https://registry.npmjs.org/ms/-/ms-2.0.0.tgz. Extracting by manifest.
103 silly tarball no local data for methods@https://registry.npmjs.org/methods/-/methods-1.1.2.tgz. Extracting by manifest.
104 silly tarball no local data for merge-descriptors@https://registry.npmjs.org/merge-descriptors/-/merge-descriptors-1.0.1.tgz. Extracting by manifest.
105 silly tarball no local data for media-typer@https://registry.npmjs.org/media-typer/-/media-typer-0.3.0.tgz. Extracting by manifest.
106 silly tarball no local data for ipaddr.js@https://registry.npmjs.org/ipaddr.js/-/ipaddr.js-1.9.1.tgz. Extracting by manifest.
107 silly tarball no local data for iconv-lite@https://registry.npmjs.org/iconv-lite/-/iconv-lite-0.4.24.tgz. Extracting by manifest.
108 silly tarball no local data for has-symbols@https://registry.npmjs.org/has-symbols/-/has-symbols-1.0.3.tgz. Extracting by manifest.
109 silly tarball no local data for has-proto@https://registry.npmjs.org/has-proto/-/has-proto-1.0.3.tgz. Extracting by manifest.
110 silly tarball no local data for has-property-descriptors@https://registry.npmjs.org/has-property-descriptors/-/has-property-descriptors-1.0.2.tgz. Extracting by manifest.
111 silly tarball no local data for gopd@https://registry.npmjs.org/gopd/-/gopd-1.0.1.tgz. Extracting by manifest.
112 silly tarball no local data for get-intrinsic@https://registry.npmjs.org/get-intrinsic/-/get-intrinsic-1.2.4.tgz. Extracting by manifest.
113 silly tarball no local data for fresh@https://registry.npmjs.org/fresh/-/fresh-0.5.2.tgz. Extracting by manifest.
114 silly tarball no local data for forwarded@https://registry.npmjs.org/forwarded/-/forwarded-0.2.0.tgz. Extracting by manifest.
115 silly tarball no local data for finalhandler@https://registry.npmjs.org/finalhandler/-/finalhandler-1.2.0.tgz. Extracting by manifest.
116 silly tarball no local data for express@https://registry.npmjs.org/express/-/express-4.19.2.tgz. Extracting by manifest.
117 silly tarball no local data for etag@https://registry.npmjs.org/etag/-/etag-1.8.1.tgz. Extracting by manifest.
118 silly tarball no local data for es-define-property@https://registry.npmjs.org/es-define-property/-/es-define-property-1.0.0.tgz. Extracting by manifest.
119 silly tarball no local data for ee-first@https://registry.npmjs.org/ee-first/-/ee-first-1.1.1.tgz. Extracting by manifest.
120 silly tarball no local data for encodeurl@https://registry.npmjs.org/encodeurl/-/encodeurl-1.0.2.tgz. Extracting by manifest.
121 silly tarball no local data for destroy@https://registry.npmjs.org/destroy/-/destroy-1.2.0.tgz. Extracting by manifest.
122 silly tarball no local data for define-data-property@https://registry.npmjs.org/define-data-property/-/define-data-property-1.1.4.tgz. Extracting by manifest.
123 silly tarball no local data for debug@https://registry.npmjs.org/debug/-/debug-2.6.9.tgz. Extracting by manifest.
124 silly tarball no local data for cookie-signature@https://registry.npmjs.org/cookie-signature/-/cookie-signature-1.0.6.tgz. Extracting by manifest.
125 silly tarball no local data for content-type@https://registry.npmjs.org/content-type/-/content-type-1.0.5.tgz. Extracting by manifest.
126 silly tarball no local data for cookie@https://registry.npmjs.org/cookie/-/cookie-0.6.0.tgz. Extracting by manifest.
127 silly tarball no local data for call-bind@https://registry.npmjs.org/call-bind/-/call-bind-1.0.7.tgz. Extracting by manifest.
128 silly tarball no local data for bytes@https://registry.npmjs.org/bytes/-/bytes-3.1.2.tgz. Extracting by manifest.
129 silly tarball no local data for array-flatten@https://registry.npmjs.org/array-flatten/-/array-flatten-1.1.1.tgz. Extracting by manifest.
130 silly tarball no local data for body-parser@https://registry.npmjs.org/body-parser/-/body-parser-1.20.2.tgz. Extracting by manifest.
131 silly tarball no local data for accepts@https://registry.npmjs.org/accepts/-/accepts-1.3.8.tgz. Extracting by manifest.
132 http fetch POST 200 https://registry.npmjs.org/-/npm/v1/security/advisories/bulk 3161ms
133 silly audit report {
133 silly audit report   'body-parser': [
133 silly audit report     {
133 silly audit report       id: 1099520,
133 silly audit report       url: 'https://github.com/advisories/GHSA-qwcr-r2fm-qrc7',
133 silly audit report       title: 'body-parser vulnerable to denial of service when url encoding is enabled',
133 silly audit report       severity: 'high',
133 silly audit report       vulnerable_versions: '<1.20.3',
133 silly audit report       cwe: [Array],
133 silly audit report       cvss: [Object]
133 silly audit report     }
133 silly audit report   ],
133 silly audit report   cookie: [
133 silly audit report     {
133 silly audit report       id: 1103907,
133 silly audit report       url: 'https://github.com/advisories/GHSA-pxg6-pf52-xh8x',
133 silly audit report       title: 'cookie accepts cookie name, path, and domain with out of bounds characters',
133 silly audit report       severity: 'low',
133 silly audit report       vulnerable_versions: '<0.7.0',
133 silly audit report       cwe: [Array],
133 silly audit report       cvss: [Object]
133 silly audit report     }
133 silly audit report   ],
133 silly audit report   express: [
133 silly audit report     {
133 silly audit report       id: 1100530,
133 silly audit report       url: 'https://github.com/advisories/GHSA-qw6h-vgh9-j6wx',
133 silly audit report       title: 'express vulnerable to XSS via response.redirect()',
133 silly audit report       severity: 'low',
133 silly audit report       vulnerable_versions: '<4.20.0',
133 silly audit report       cwe: [Array],
133 silly audit report       cvss: [Object]
133 silly audit report     }
133 silly audit report   ],
133 silly audit report   'path-to-regexp': [
133 silly audit report     {
133 silly audit report       id: 1101850,
133 silly audit report       url: 'https://github.com/advisories/GHSA-9wv6-86v2-598j',
133 silly audit report       title: 'path-to-regexp outputs backtracking regular expressions',
133 silly audit report       severity: 'high',
133 silly audit report       vulnerable_versions: '<0.1.10',
133 silly audit report       cwe: [Array],
133 silly audit report       cvss: [Object]
133 silly audit report     },
133 silly audit report     {
133 silly audit report       id: 1105199,
133 silly audit report       url: 'https://github.com/advisories/GHSA-rhx6-c78j-4q9w',
133 silly audit report       title: 'path-to-regexp contains a ReDoS',
133 silly audit report       severity: 'high',
133 silly audit report       vulnerable_versions: '<0.1.12',
133 silly audit report       cwe: [Array],
133 silly audit report       cvss: [Object]
133 silly audit report     }
133 silly audit report   ],
133 silly audit report   send: [
133 silly audit report     {
133 silly audit report       id: 1100526,
133 silly audit report       url: 'https://github.com/advisories/GHSA-m6fv-jmcg-4jfg',
133 silly audit report       title: 'send vulnerable to template injection that can lead to XSS',
133 silly audit report       severity: 'low',
133 silly audit report       vulnerable_versions: '<0.19.0',
133 silly audit report       cwe: [Array],
133 silly audit report       cvss: [Object]
133 silly audit report     }
133 silly audit report   ],
133 silly audit report   'serve-static': [
133 silly audit report     {
133 silly audit report       id: 1100528,
133 silly audit report       url: 'https://github.com/advisories/GHSA-cm22-4g7w-348p',
133 silly audit report       title: 'serve-static vulnerable to template injection that can lead to XSS',
133 silly audit report       severity: 'low',
133 silly audit report       vulnerable_versions: '<1.16.0',
133 silly audit report       cwe: [Array],
133 silly audit report       cvss: [Object]
133 silly audit report     }
133 silly audit report   ]
133 silly audit report }
134 silly packumentCache corgi:https://registry.npmjs.org/body-parser cache-miss
135 silly packumentCache corgi:https://registry.npmjs.org/cookie cache-miss
136 silly packumentCache corgi:https://registry.npmjs.org/express cache-miss
137 silly packumentCache corgi:https://registry.npmjs.org/path-to-regexp cache-miss
138 silly packumentCache corgi:https://registry.npmjs.org/send cache-miss
139 silly packumentCache corgi:https://registry.npmjs.org/serve-static cache-miss
140 http fetch GET 200 https://registry.npmjs.org/range-parser/-/range-parser-1.2.1.tgz 4257ms (cache miss)
141 http fetch GET 200 https://registry.npmjs.org/parseurl/-/parseurl-1.3.3.tgz 4309ms (cache miss)
142 http fetch GET 200 https://registry.npmjs.org/unpipe/-/unpipe-1.0.0.tgz 4396ms (cache miss)
143 http fetch GET 200 https://registry.npmjs.org/path-to-regexp/-/path-to-regexp-0.1.7.tgz 4387ms (cache miss)
144 http fetch GET 200 https://registry.npmjs.org/on-finished/-/on-finished-2.4.1.tgz 4382ms (cache miss)
145 http fetch GET 200 https://registry.npmjs.org/merge-descriptors/-/merge-descriptors-1.0.1.tgz 4364ms (cache miss)
146 http fetch GET 200 https://registry.npmjs.org/methods/-/methods-1.1.2.tgz 4389ms (cache miss)
147 http fetch GET 200 https://registry.npmjs.org/ms/-/ms-2.0.0.tgz 4399ms (cache miss)
148 http fetch GET 200 https://registry.npmjs.org/utils-merge/-/utils-merge-1.0.1.tgz 4505ms (cache miss)
149 http fetch GET 200 https://registry.npmjs.org/media-typer/-/media-typer-0.3.0.tgz 4434ms (cache miss)
150 http fetch GET 200 https://registry.npmjs.org/gopd/-/gopd-1.0.1.tgz 4432ms (cache miss)
151 http fetch GET 200 https://registry.npmjs.org/proxy-addr/-/proxy-addr-2.0.7.tgz 4525ms (cache miss)
152 http fetch GET 200 https://registry.npmjs.org/type-is/-/type-is-1.6.18.tgz 4587ms (cache miss)
153 http fetch GET 200 https://registry.npmjs.org/has-property-descriptors/-/has-property-descriptors-1.0.2.tgz 4466ms (cache miss)
154 http fetch GET 200 https://registry.npmjs.org/vary/-/vary-1.1.2.tgz 4625ms (cache miss)
155 http fetch GET 200 https://registry.npmjs.org/ee-first/-/ee-first-1.1.1.tgz 4450ms (cache miss)
156 http fetch GET 200 https://registry.npmjs.org/forwarded/-/forwarded-0.2.0.tgz 4473ms (cache miss)
157 http fetch GET 200 https://registry.npmjs.org/cookie-signature/-/cookie-signature-1.0.6.tgz 4442ms (cache miss)
158 http fetch GET 200 https://registry.npmjs.org/content-type/-/content-type-1.0.5.tgz 4441ms (cache miss)
159 http fetch GET 200 https://registry.npmjs.org/etag/-/etag-1.8.1.tgz 4500ms (cache miss)
160 http fetch GET 200 https://registry.npmjs.org/fresh/-/fresh-0.5.2.tgz 4520ms (cache miss)
161 http fetch GET 200 https://registry.npmjs.org/encodeurl/-/encodeurl-1.0.2.tgz 4495ms (cache miss)
162 http fetch GET 200 https://registry.npmjs.org/destroy/-/destroy-1.2.0.tgz 4494ms (cache miss)
163 http fetch GET 200 https://registry.npmjs.org/array-flatten/-/array-flatten-1.1.1.tgz 4474ms (cache miss)
164 http fetch GET 200 https://registry.npmjs.org/finalhandler/-/finalhandler-1.2.0.tgz 4564ms (cache miss)
165 http fetch GET 200 https://registry.npmjs.org/call-bind/-/call-bind-1.0.7.tgz 4530ms (cache miss)
166 http fetch GET 200 https://registry.npmjs.org/accepts/-/accepts-1.3.8.tgz 4579ms (cache miss)
167 http fetch GET 200 https://registry.npmjs.org/raw-body/-/raw-body-2.5.2.tgz 4751ms (cache miss)
168 http fetch GET 200 https://registry.npmjs.org/set-function-length/-/set-function-length-1.2.2.tgz 4775ms (cache miss)
169 http fetch GET 200 https://registry.npmjs.org/bytes/-/bytes-3.1.2.tgz 4618ms (cache miss)
170 http fetch GET 200 https://registry.npmjs.org/has-proto/-/has-proto-1.0.3.tgz 4708ms (cache miss)
171 http fetch GET 200 https://registry.npmjs.org/serve-static/-/serve-static-1.15.0.tgz 4803ms (cache miss)
172 http fetch GET 200 https://registry.npmjs.org/ipaddr.js/-/ipaddr.js-1.9.1.tgz 4749ms (cache miss)
173 http fetch GET 200 https://registry.npmjs.org/define-data-property/-/define-data-property-1.1.4.tgz 4691ms (cache miss)
174 http fetch GET 200 https://registry.npmjs.org/negotiator/-/negotiator-0.6.3.tgz 4795ms (cache miss)
175 http fetch GET 200 https://registry.npmjs.org/es-define-property/-/es-define-property-1.0.0.tgz 4727ms (cache miss)
176 http fetch GET 200 https://registry.npmjs.org/body-parser 2444ms (cache miss)
177 silly packumentCache corgi:https://registry.npmjs.org/body-parser set size:undefined disposed:false
178 http fetch GET 200 https://registry.npmjs.org/side-channel/-/side-channel-1.0.6.tgz 4934ms (cache miss)
179 http fetch GET 200 https://registry.npmjs.org/send/-/send-0.18.0.tgz 4935ms (cache miss)
180 http fetch GET 200 https://registry.npmjs.org/cookie/-/cookie-0.6.0.tgz 4822ms (cache miss)
181 http fetch GET 200 https://registry.npmjs.org/get-intrinsic/-/get-intrinsic-1.2.4.tgz 4932ms (cache miss)
182 http fetch GET 200 https://registry.npmjs.org/send 2594ms (cache miss)
183 silly packumentCache corgi:https://registry.npmjs.org/send set size:undefined disposed:false
184 http fetch GET 200 https://registry.npmjs.org/serve-static 2608ms (cache miss)
185 silly packumentCache corgi:https://registry.npmjs.org/serve-static set size:undefined disposed:false
186 http fetch GET 200 https://registry.npmjs.org/has-symbols/-/has-symbols-1.0.3.tgz 5015ms (cache miss)
187 http fetch GET 200 https://registry.npmjs.org/path-to-regexp 2689ms (cache miss)
188 silly packumentCache corgi:https://registry.npmjs.org/path-to-regexp set size:undefined disposed:false
189 http fetch GET 200 https://registry.npmjs.org/debug/-/debug-2.6.9.tgz 5051ms (cache miss)
190 http fetch GET 200 https://registry.npmjs.org/body-parser/-/body-parser-1.20.2.tgz 5038ms (cache miss)
191 http fetch GET 200 https://registry.npmjs.org/cookie 2788ms (cache miss)
192 silly packumentCache corgi:https://registry.npmjs.org/cookie set size:undefined disposed:false
193 http fetch GET 200 https://registry.npmjs.org/express/-/express-4.19.2.tgz 5286ms (cache miss)
194 http fetch GET 200 https://registry.npmjs.org/express 2983ms (cache miss)
195 silly packumentCache corgi:https://registry.npmjs.org/express set size:undefined disposed:false
196 http fetch GET 200 https://registry.npmjs.org/object-inspect/-/object-inspect-1.13.1.tgz 5463ms (cache miss)
197 http fetch GET 200 https://registry.npmjs.org/qs/-/qs-6.11.0.tgz 5488ms (cache miss)
198 http fetch GET 200 https://registry.npmjs.org/iconv-lite/-/iconv-lite-0.4.24.tgz 5832ms (cache miss)
199 silly ADD node_modules/whatwg-url
200 silly ADD node_modules/webidl-conversions
201 silly ADD node_modules/vary
202 silly ADD node_modules/utils-merge
203 silly ADD node_modules/unpipe
204 silly ADD node_modules/type-is
205 silly ADD node_modules/tr46
206 silly ADD node_modules/toidentifier
207 silly ADD node_modules/statuses
208 silly ADD node_modules/side-channel
209 silly ADD node_modules/setprototypeof
210 silly ADD node_modules/set-function-length
211 silly ADD node_modules/serve-static
212 silly ADD node_modules/send
213 silly ADD node_modules/send/node_modules/ms
214 silly ADD node_modules/safer-buffer
215 silly ADD node_modules/safe-buffer
216 silly ADD node_modules/raw-body
217 silly ADD node_modules/range-parser
218 silly ADD node_modules/qs
219 silly ADD node_modules/proxy-addr
220 silly ADD node_modules/path-to-regexp
221 silly ADD node_modules/parseurl
222 silly ADD node_modules/on-finished
223 silly ADD node_modules/object-inspect
224 silly ADD node_modules/node-fetch
225 silly ADD node_modules/negotiator
226 silly ADD node_modules/ms
227 silly ADD node_modules/mime-types
228 silly ADD node_modules/mime-db
229 silly ADD node_modules/mime
230 silly ADD node_modules/methods
231 silly ADD node_modules/merge-descriptors
232 silly ADD node_modules/media-typer
233 silly ADD node_modules/ipaddr.js
234 silly ADD node_modules/inherits
235 silly ADD node_modules/iconv-lite
236 silly ADD node_modules/http-errors
237 silly ADD node_modules/hasown
238 silly ADD node_modules/has-symbols
239 silly ADD node_modules/has-proto
240 silly ADD node_modules/has-property-descriptors
241 silly ADD node_modules/gopd
242 silly ADD node_modules/get-intrinsic
243 silly ADD node_modules/function-bind
244 silly ADD node_modules/fresh
245 silly ADD node_modules/forwarded
246 silly ADD node_modules/finalhandler
247 silly ADD node_modules/express
248 silly ADD node_modules/etag
249 silly ADD node_modules/escape-html
250 silly ADD node_modules/es-errors
251 silly ADD node_modules/es-define-property
252 silly ADD node_modules/encodeurl
253 silly ADD node_modules/ee-first
254 silly ADD node_modules/destroy
255 silly ADD node_modules/depd
256 silly ADD node_modules/define-data-property
257 silly ADD node_modules/debug
258 silly ADD node_modules/cookie-signature
259 silly ADD node_modules/cookie
260 silly ADD node_modules/content-type
261 silly ADD node_modules/content-disposition
262 silly ADD node_modules/call-bind
263 silly ADD node_modules/bytes
264 silly ADD node_modules/body-parser
265 silly ADD node_modules/array-flatten
266 silly ADD node_modules/accepts
267 verbose cwd /home/user-lookup
268 verbose os Linux 6.2.1-PRoot-Distro
269 verbose node v22.16.0
270 verbose npm  v11.3.0
271 verbose exit 0
272 info ok
